11-21-2023 14:26:24.753 +0200 INFO  loader - Running utility: "validatedb"
11-21-2023 14:26:24.758 +0200 INFO  loader - Getting configuration data from: C:\Program Files\Splunk\etc\myinstall\splunkd.xml
11-21-2023 14:26:24.758 +0200 INFO  loader - SPLUNK_MODULE_PATH environment variable not found - defaulting to C:\Program Files\Splunk\etc\modules
11-21-2023 14:26:24.758 +0200 INFO  loader - loading modules from C:\Program Files\Splunk\etc\modules
11-21-2023 14:26:24.798 +0200 INFO  loader - Writing out composite configuration file: C:\Program Files\Splunk\var\run\splunk\composite.xml
11-21-2023 14:26:24.813 +0200 WARN  Pstacks - Backtracing is not initialized - GeneratePstacksAction cannot be used..
11-21-2023 14:26:24.813 +0200 WARN  WatchdogActions - Initialization failed for action=pstacks. Deleting.
11-21-2023 14:26:24.838 +0200 INFO  loader - Service "Splunkd" does not exist
11-21-2023 14:26:24.838 +0200 INFO  loader - Skipping validation of index paths because may not be running as the correct user
11-21-2023 14:26:24.838 +0200 INFO  loader - Validated 10 indexes in 24.80 milliseconds
11-21-2023 14:26:25.048 +0200 INFO  ServerConfig - Found no hostname options in server.conf. Will attempt to use default for now.
11-21-2023 14:26:25.048 +0200 INFO  ServerConfig - Host name option is "".
11-21-2023 14:26:27.117 +0200 INFO  loader - Running utility: "check-transforms-keys"
11-21-2023 14:26:27.117 +0200 INFO  loader - Getting configuration data from: C:\Program Files\Splunk\etc\myinstall\splunkd.xml
11-21-2023 14:26:27.117 +0200 INFO  loader - SPLUNK_MODULE_PATH environment variable not found - defaulting to C:\Program Files\Splunk\etc\modules
11-21-2023 14:26:27.117 +0200 INFO  loader - loading modules from C:\Program Files\Splunk\etc\modules
11-21-2023 14:26:27.117 +0200 INFO  loader - Writing out composite configuration file: C:\Program Files\Splunk\var\run\splunk\composite.xml
11-21-2023 14:27:02.138 +0200 INFO  ServerConfig - Found no hostname options in server.conf. Will attempt to use default for now.
11-21-2023 14:27:02.138 +0200 INFO  ServerConfig - Host name option is "".
11-21-2023 14:27:04.861 +0200 INFO  loader - Running utility: "validatedb"
11-21-2023 14:27:04.862 +0200 INFO  loader - Getting configuration data from: C:\Program Files\Splunk\etc\myinstall\splunkd.xml
11-21-2023 14:27:04.862 +0200 INFO  loader - SPLUNK_MODULE_PATH environment variable not found - defaulting to C:\Program Files\Splunk\etc\modules
11-21-2023 14:27:04.862 +0200 INFO  loader - loading modules from C:\Program Files\Splunk\etc\modules
11-21-2023 14:27:04.864 +0200 INFO  loader - Writing out composite configuration file: C:\Program Files\Splunk\var\run\splunk\composite.xml
11-21-2023 14:27:04.870 +0200 WARN  Pstacks - Backtracing is not initialized - GeneratePstacksAction cannot be used..
11-21-2023 14:27:04.870 +0200 WARN  WatchdogActions - Initialization failed for action=pstacks. Deleting.
11-21-2023 14:27:04.910 +0200 INFO  loader - Validated 10 indexes in 38.59 milliseconds
11-21-2023 14:27:05.140 +0200 INFO  ServerConfig - Found no hostname options in server.conf. Will attempt to use default for now.
11-21-2023 14:27:05.140 +0200 INFO  ServerConfig - Host name option is "".
11-21-2023 14:27:06.186 +0200 INFO  loader - Running utility: "check-transforms-keys"
11-21-2023 14:27:06.186 +0200 INFO  loader - Getting configuration data from: C:\Program Files\Splunk\etc\myinstall\splunkd.xml
11-21-2023 14:27:06.186 +0200 INFO  loader - SPLUNK_MODULE_PATH environment variable not found - defaulting to C:\Program Files\Splunk\etc\modules
11-21-2023 14:27:06.186 +0200 INFO  loader - loading modules from C:\Program Files\Splunk\etc\modules
11-21-2023 14:27:06.201 +0200 INFO  loader - Writing out composite configuration file: C:\Program Files\Splunk\var\run\splunk\composite.xml
11-21-2023 14:27:09.811 +0200 INFO  loader - Running utility: "validatedb"
11-21-2023 14:27:09.811 +0200 INFO  loader - Getting configuration data from: C:\Program Files\Splunk\etc\myinstall\splunkd.xml
11-21-2023 14:27:09.811 +0200 INFO  loader - SPLUNK_MODULE_PATH environment variable not found - defaulting to C:\Program Files\Splunk\etc\modules
11-21-2023 14:27:09.811 +0200 INFO  loader - loading modules from C:\Program Files\Splunk\etc\modules
11-21-2023 14:27:09.811 +0200 INFO  loader - Writing out composite configuration file: C:\Program Files\Splunk\var\run\splunk\composite.xml
11-21-2023 14:27:09.826 +0200 WARN  Pstacks - Backtracing is not initialized - GeneratePstacksAction cannot be used..
11-21-2023 14:27:09.826 +0200 WARN  WatchdogActions - Initialization failed for action=pstacks. Deleting.
11-21-2023 14:27:09.858 +0200 INFO  loader - Validated 10 indexes in 31.24 milliseconds
11-21-2023 14:27:10.108 +0200 INFO  ServerConfig - Found no hostname options in server.conf. Will attempt to use default for now.
11-21-2023 14:27:10.108 +0200 INFO  ServerConfig - Host name option is "".
11-21-2023 14:27:11.157 +0200 INFO  loader - Running utility: "check-transforms-keys"
11-21-2023 14:27:11.157 +0200 INFO  loader - Getting configuration data from: C:\Program Files\Splunk\etc\myinstall\splunkd.xml
11-21-2023 14:27:11.157 +0200 INFO  loader - SPLUNK_MODULE_PATH environment variable not found - defaulting to C:\Program Files\Splunk\etc\modules
11-21-2023 14:27:11.157 +0200 INFO  loader - loading modules from C:\Program Files\Splunk\etc\modules
11-21-2023 14:27:11.157 +0200 INFO  loader - Writing out composite configuration file: C:\Program Files\Splunk\var\run\splunk\composite.xml
11-30-2023 10:18:22.225 +0200 INFO  loader - Running utility: "validatedb"
11-30-2023 10:18:22.241 +0200 INFO  loader - Getting configuration data from: C:\Program Files\Splunk\etc\myinstall\splunkd.xml
11-30-2023 10:18:22.241 +0200 INFO  loader - SPLUNK_MODULE_PATH environment variable not found - defaulting to C:\Program Files\Splunk\etc\modules
11-30-2023 10:18:22.241 +0200 INFO  loader - loading modules from C:\Program Files\Splunk\etc\modules
11-30-2023 10:18:22.257 +0200 INFO  loader - Writing out composite configuration file: C:\Program Files\Splunk\var\run\splunk\composite.xml
11-30-2023 10:18:22.257 +0200 WARN  Pstacks - Backtracing is not initialized - GeneratePstacksAction cannot be used..
11-30-2023 10:18:22.257 +0200 WARN  WatchdogActions - Initialization failed for action=pstacks. Deleting.
11-30-2023 10:18:22.303 +0200 INFO  loader - Validated 10 indexes in 46.86 milliseconds
11-30-2023 10:18:22.600 +0200 INFO  ServerConfig - Found no hostname options in server.conf. Will attempt to use default for now.
11-30-2023 10:18:22.600 +0200 INFO  ServerConfig - Host name option is "".
11-30-2023 10:18:24.100 +0200 INFO  loader - Running utility: "check-transforms-keys"
11-30-2023 10:18:24.115 +0200 INFO  loader - Getting configuration data from: C:\Program Files\Splunk\etc\myinstall\splunkd.xml
11-30-2023 10:18:24.115 +0200 INFO  loader - SPLUNK_MODULE_PATH environment variable not found - defaulting to C:\Program Files\Splunk\etc\modules
11-30-2023 10:18:24.115 +0200 INFO  loader - loading modules from C:\Program Files\Splunk\etc\modules
11-30-2023 10:18:24.115 +0200 INFO  loader - Writing out composite configuration file: C:\Program Files\Splunk\var\run\splunk\composite.xml
11-30-2023 10:25:07.558 +0200 INFO  loader - Running utility: "validatedb"
11-30-2023 10:25:07.558 +0200 INFO  loader - Getting configuration data from: C:\Program Files\Splunk\etc\myinstall\splunkd.xml
11-30-2023 10:25:07.558 +0200 INFO  loader - SPLUNK_MODULE_PATH environment variable not found - defaulting to C:\Program Files\Splunk\etc\modules
11-30-2023 10:25:07.558 +0200 INFO  loader - loading modules from C:\Program Files\Splunk\etc\modules
11-30-2023 10:25:07.574 +0200 INFO  loader - Writing out composite configuration file: C:\Program Files\Splunk\var\run\splunk\composite.xml
11-30-2023 10:25:07.574 +0200 WARN  Pstacks - Backtracing is not initialized - GeneratePstacksAction cannot be used..
11-30-2023 10:25:07.574 +0200 WARN  WatchdogActions - Initialization failed for action=pstacks. Deleting.
11-30-2023 10:25:07.621 +0200 INFO  loader - Validated 10 indexes in 46.86 milliseconds
11-30-2023 10:25:07.933 +0200 INFO  ServerConfig - Found no hostname options in server.conf. Will attempt to use default for now.
11-30-2023 10:25:07.933 +0200 INFO  ServerConfig - Host name option is "".
11-30-2023 10:25:09.449 +0200 INFO  loader - Running utility: "check-transforms-keys"
11-30-2023 10:25:09.464 +0200 INFO  loader - Getting configuration data from: C:\Program Files\Splunk\etc\myinstall\splunkd.xml
11-30-2023 10:25:09.464 +0200 INFO  loader - SPLUNK_MODULE_PATH environment variable not found - defaulting to C:\Program Files\Splunk\etc\modules
11-30-2023 10:25:09.464 +0200 INFO  loader - loading modules from C:\Program Files\Splunk\etc\modules
11-30-2023 10:25:09.464 +0200 INFO  loader - Writing out composite configuration file: C:\Program Files\Splunk\var\run\splunk\composite.xml
11-30-2023 10:26:29.244 +0200 INFO  loader - Running utility: "validatedb"
11-30-2023 10:26:29.244 +0200 INFO  loader - Getting configuration data from: C:\Program Files\Splunk\etc\myinstall\splunkd.xml
11-30-2023 10:26:29.244 +0200 INFO  loader - SPLUNK_MODULE_PATH environment variable not found - defaulting to C:\Program Files\Splunk\etc\modules
11-30-2023 10:26:29.244 +0200 INFO  loader - loading modules from C:\Program Files\Splunk\etc\modules
11-30-2023 10:26:29.260 +0200 INFO  loader - Writing out composite configuration file: C:\Program Files\Splunk\var\run\splunk\composite.xml
11-30-2023 10:26:29.276 +0200 WARN  Pstacks - Backtracing is not initialized - GeneratePstacksAction cannot be used..
11-30-2023 10:26:29.276 +0200 WARN  WatchdogActions - Initialization failed for action=pstacks. Deleting.
11-30-2023 10:26:29.307 +0200 INFO  loader - Validated 10 indexes in 31.24 milliseconds
11-30-2023 10:26:29.619 +0200 INFO  ServerConfig - Found no hostname options in server.conf. Will attempt to use default for now.
11-30-2023 10:26:29.619 +0200 INFO  ServerConfig - Host name option is "".
11-30-2023 10:26:31.135 +0200 INFO  loader - Running utility: "check-transforms-keys"
11-30-2023 10:26:31.150 +0200 INFO  loader - Getting configuration data from: C:\Program Files\Splunk\etc\myinstall\splunkd.xml
11-30-2023 10:26:31.150 +0200 INFO  loader - SPLUNK_MODULE_PATH environment variable not found - defaulting to C:\Program Files\Splunk\etc\modules
11-30-2023 10:26:31.150 +0200 INFO  loader - loading modules from C:\Program Files\Splunk\etc\modules
11-30-2023 10:26:31.150 +0200 INFO  loader - Writing out composite configuration file: C:\Program Files\Splunk\var\run\splunk\composite.xml
12-11-2023 17:35:34.482 +0200 INFO  loader - Running utility: "validatedb"
12-11-2023 17:35:34.482 +0200 INFO  loader - Getting configuration data from: C:\Program Files\Splunk\etc\myinstall\splunkd.xml
12-11-2023 17:35:34.498 +0200 INFO  loader - SPLUNK_MODULE_PATH environment variable not found - defaulting to C:\Program Files\Splunk\etc\modules
12-11-2023 17:35:34.498 +0200 INFO  loader - loading modules from C:\Program Files\Splunk\etc\modules
12-11-2023 17:35:34.498 +0200 INFO  loader - Writing out composite configuration file: C:\Program Files\Splunk\var\run\splunk\composite.xml
12-11-2023 17:35:34.514 +0200 WARN  Pstacks - Backtracing is not initialized - GeneratePstacksAction cannot be used..
12-11-2023 17:35:34.514 +0200 WARN  WatchdogActions - Initialization failed for action=pstacks. Deleting.
12-11-2023 17:35:34.576 +0200 INFO  loader - Validated 10 indexes in 62.48 milliseconds
12-11-2023 17:35:34.857 +0200 INFO  ServerConfig - Found no hostname options in server.conf. Will attempt to use default for now.
12-11-2023 17:35:34.857 +0200 INFO  ServerConfig - Host name option is "".
12-11-2023 17:35:36.295 +0200 INFO  loader - Running utility: "check-transforms-keys"
12-11-2023 17:35:36.295 +0200 INFO  loader - Getting configuration data from: C:\Program Files\Splunk\etc\myinstall\splunkd.xml
12-11-2023 17:35:36.295 +0200 INFO  loader - SPLUNK_MODULE_PATH environment variable not found - defaulting to C:\Program Files\Splunk\etc\modules
12-11-2023 17:35:36.295 +0200 INFO  loader - loading modules from C:\Program Files\Splunk\etc\modules
12-11-2023 17:35:36.295 +0200 INFO  loader - Writing out composite configuration file: C:\Program Files\Splunk\var\run\splunk\composite.xml
12-20-2023 23:58:25.017 +0200 INFO  loader - Running utility: "validatedb"
12-20-2023 23:58:25.017 +0200 INFO  loader - Getting configuration data from: C:\Program Files\Splunk\etc\myinstall\splunkd.xml
12-20-2023 23:58:25.017 +0200 INFO  loader - SPLUNK_MODULE_PATH environment variable not found - defaulting to C:\Program Files\Splunk\etc\modules
12-20-2023 23:58:25.017 +0200 INFO  loader - loading modules from C:\Program Files\Splunk\etc\modules
12-20-2023 23:58:25.033 +0200 INFO  loader - Writing out composite configuration file: C:\Program Files\Splunk\var\run\splunk\composite.xml
12-20-2023 23:58:25.049 +0200 WARN  Pstacks - Backtracing is not initialized - GeneratePstacksAction cannot be used..
12-20-2023 23:58:25.049 +0200 WARN  WatchdogActions - Initialization failed for action=pstacks. Deleting.
12-20-2023 23:58:25.095 +0200 INFO  loader - Validated 10 indexes in 46.86 milliseconds
12-20-2023 23:58:25.424 +0200 INFO  ServerConfig - Found no hostname options in server.conf. Will attempt to use default for now.
12-20-2023 23:58:25.424 +0200 INFO  ServerConfig - Host name option is "".
12-20-2023 23:58:26.908 +0200 INFO  loader - Running utility: "check-transforms-keys"
12-20-2023 23:58:26.908 +0200 INFO  loader - Getting configuration data from: C:\Program Files\Splunk\etc\myinstall\splunkd.xml
12-20-2023 23:58:26.908 +0200 INFO  loader - SPLUNK_MODULE_PATH environment variable not found - defaulting to C:\Program Files\Splunk\etc\modules
12-20-2023 23:58:26.908 +0200 INFO  loader - loading modules from C:\Program Files\Splunk\etc\modules
12-20-2023 23:58:26.908 +0200 INFO  loader - Writing out composite configuration file: C:\Program Files\Splunk\var\run\splunk\composite.xml
01-10-2024 17:31:22.251 +0200 INFO  loader - Running utility: "validatedb"
01-10-2024 17:31:22.251 +0200 INFO  loader - Getting configuration data from: C:\Program Files\Splunk\etc\myinstall\splunkd.xml
01-10-2024 17:31:22.251 +0200 INFO  loader - SPLUNK_MODULE_PATH environment variable not found - defaulting to C:\Program Files\Splunk\etc\modules
01-10-2024 17:31:22.251 +0200 INFO  loader - loading modules from C:\Program Files\Splunk\etc\modules
01-10-2024 17:31:22.267 +0200 INFO  loader - Writing out composite configuration file: C:\Program Files\Splunk\var\run\splunk\composite.xml
01-10-2024 17:31:22.283 +0200 WARN  Pstacks - Backtracing is not initialized - GeneratePstacksAction cannot be used..
01-10-2024 17:31:22.283 +0200 WARN  WatchdogActions - Initialization failed for action=pstacks. Deleting.
01-10-2024 17:31:22.329 +0200 INFO  loader - Validated 10 indexes in 46.86 milliseconds
01-10-2024 17:31:22.720 +0200 INFO  ServerConfig - Found no hostname options in server.conf. Will attempt to use default for now.
01-10-2024 17:31:22.720 +0200 INFO  ServerConfig - Host name option is "".
01-10-2024 17:31:24.064 +0200 INFO  loader - Running utility: "check-transforms-keys"
01-10-2024 17:31:24.064 +0200 INFO  loader - Getting configuration data from: C:\Program Files\Splunk\etc\myinstall\splunkd.xml
01-10-2024 17:31:24.064 +0200 INFO  loader - SPLUNK_MODULE_PATH environment variable not found - defaulting to C:\Program Files\Splunk\etc\modules
01-10-2024 17:31:24.064 +0200 INFO  loader - loading modules from C:\Program Files\Splunk\etc\modules
01-10-2024 17:31:24.079 +0200 INFO  loader - Writing out composite configuration file: C:\Program Files\Splunk\var\run\splunk\composite.xml
03-07-2024 03:29:49.623 +0200 INFO  loader - Running utility: "validatedb"
03-07-2024 03:29:49.623 +0200 INFO  loader - Getting configuration data from: C:\Program Files\Splunk\etc\myinstall\splunkd.xml
03-07-2024 03:29:49.623 +0200 INFO  loader - SPLUNK_MODULE_PATH environment variable not found - defaulting to C:\Program Files\Splunk\etc\modules
03-07-2024 03:29:49.623 +0200 INFO  loader - loading modules from C:\Program Files\Splunk\etc\modules
03-07-2024 03:29:49.639 +0200 INFO  loader - Writing out composite configuration file: C:\Program Files\Splunk\var\run\splunk\composite.xml
03-07-2024 03:29:49.654 +0200 WARN  Pstacks - Backtracing is not initialized - GeneratePstacksAction cannot be used..
03-07-2024 03:29:49.654 +0200 WARN  WatchdogActions - Initialization failed for action=pstacks. Deleting.
03-07-2024 03:29:49.686 +0200 INFO  loader - Validated 10 indexes in 31.24 milliseconds
03-07-2024 03:29:49.982 +0200 INFO  ServerConfig - Found no hostname options in server.conf. Will attempt to use default for now.
03-07-2024 03:29:49.982 +0200 INFO  ServerConfig - Host name option is "".
03-07-2024 03:29:51.295 +0200 INFO  loader - Running utility: "check-transforms-keys"
03-07-2024 03:29:51.295 +0200 INFO  loader - Getting configuration data from: C:\Program Files\Splunk\etc\myinstall\splunkd.xml
03-07-2024 03:29:51.295 +0200 INFO  loader - SPLUNK_MODULE_PATH environment variable not found - defaulting to C:\Program Files\Splunk\etc\modules
03-07-2024 03:29:51.295 +0200 INFO  loader - loading modules from C:\Program Files\Splunk\etc\modules
03-07-2024 03:29:51.295 +0200 INFO  loader - Writing out composite configuration file: C:\Program Files\Splunk\var\run\splunk\composite.xml
03-28-2024 02:43:30.994 +0200 INFO  loader - Running utility: "validatedb"
03-28-2024 02:43:30.994 +0200 INFO  loader - Getting configuration data from: C:\Program Files\Splunk\etc\myinstall\splunkd.xml
03-28-2024 02:43:30.994 +0200 INFO  loader - SPLUNK_MODULE_PATH environment variable not found - defaulting to C:\Program Files\Splunk\etc\modules
03-28-2024 02:43:30.994 +0200 INFO  loader - loading modules from C:\Program Files\Splunk\etc\modules
03-28-2024 02:43:31.010 +0200 INFO  loader - Writing out composite configuration file: C:\Program Files\Splunk\var\run\splunk\composite.xml
03-28-2024 02:43:31.026 +0200 WARN  Pstacks - Backtracing is not initialized - GeneratePstacksAction cannot be used..
03-28-2024 02:43:31.026 +0200 WARN  WatchdogActions - Initialization failed for action=pstacks. Deleting.
03-28-2024 02:43:31.057 +0200 INFO  loader - Validated 10 indexes in 31.24 milliseconds
03-28-2024 02:43:31.369 +0200 INFO  ServerConfig - Found no hostname options in server.conf. Will attempt to use default for now.
03-28-2024 02:43:31.369 +0200 INFO  ServerConfig - Host name option is "".
03-28-2024 02:43:32.713 +0200 INFO  loader - Running utility: "check-transforms-keys"
03-28-2024 02:43:32.713 +0200 INFO  loader - Getting configuration data from: C:\Program Files\Splunk\etc\myinstall\splunkd.xml
03-28-2024 02:43:32.713 +0200 INFO  loader - SPLUNK_MODULE_PATH environment variable not found - defaulting to C:\Program Files\Splunk\etc\modules
03-28-2024 02:43:32.713 +0200 INFO  loader - loading modules from C:\Program Files\Splunk\etc\modules
03-28-2024 02:43:32.713 +0200 INFO  loader - Writing out composite configuration file: C:\Program Files\Splunk\var\run\splunk\composite.xml
04-11-2024 21:37:26.557 +0300 INFO  loader - Running utility: "validatedb"
04-11-2024 21:37:26.557 +0300 INFO  loader - Getting configuration data from: C:\Program Files\Splunk\etc\myinstall\splunkd.xml
04-11-2024 21:37:26.557 +0300 INFO  loader - SPLUNK_MODULE_PATH environment variable not found - defaulting to C:\Program Files\Splunk\etc\modules
04-11-2024 21:37:26.557 +0300 INFO  loader - loading modules from C:\Program Files\Splunk\etc\modules
04-11-2024 21:37:26.573 +0300 INFO  loader - Writing out composite configuration file: C:\Program Files\Splunk\var\run\splunk\composite.xml
04-11-2024 21:37:26.589 +0300 WARN  Pstacks - Backtracing is not initialized - GeneratePstacksAction cannot be used..
04-11-2024 21:37:26.589 +0300 WARN  WatchdogActions - Initialization failed for action=pstacks. Deleting.
04-11-2024 21:37:26.620 +0300 INFO  loader - Validated 10 indexes in 31.24 milliseconds
04-11-2024 21:37:26.979 +0300 INFO  ServerConfig - Found no hostname options in server.conf. Will attempt to use default for now.
04-11-2024 21:37:26.995 +0300 INFO  ServerConfig - Host name option is "".
04-11-2024 21:37:28.354 +0300 INFO  loader - Running utility: "check-transforms-keys"
04-11-2024 21:37:28.354 +0300 INFO  loader - Getting configuration data from: C:\Program Files\Splunk\etc\myinstall\splunkd.xml
04-11-2024 21:37:28.354 +0300 INFO  loader - SPLUNK_MODULE_PATH environment variable not found - defaulting to C:\Program Files\Splunk\etc\modules
04-11-2024 21:37:28.354 +0300 INFO  loader - loading modules from C:\Program Files\Splunk\etc\modules
04-11-2024 21:37:28.354 +0300 INFO  loader - Writing out composite configuration file: C:\Program Files\Splunk\var\run\splunk\composite.xml
04-17-2024 21:31:41.797 +0300 INFO  loader - Running utility: "validatedb"
04-17-2024 21:31:41.797 +0300 INFO  loader - Getting configuration data from: C:\Program Files\Splunk\etc\myinstall\splunkd.xml
04-17-2024 21:31:41.797 +0300 INFO  loader - SPLUNK_MODULE_PATH environment variable not found - defaulting to C:\Program Files\Splunk\etc\modules
04-17-2024 21:31:41.797 +0300 INFO  loader - loading modules from C:\Program Files\Splunk\etc\modules
04-17-2024 21:31:41.812 +0300 INFO  loader - Writing out composite configuration file: C:\Program Files\Splunk\var\run\splunk\composite.xml
04-17-2024 21:31:41.828 +0300 WARN  Pstacks - Backtracing is not initialized - GeneratePstacksAction cannot be used..
04-17-2024 21:31:41.828 +0300 WARN  WatchdogActions - Initialization failed for action=pstacks. Deleting.
04-17-2024 21:31:41.859 +0300 INFO  loader - Validated 10 indexes in 31.24 milliseconds
04-17-2024 21:31:42.203 +0300 INFO  ServerConfig - Found no hostname options in server.conf. Will attempt to use default for now.
04-17-2024 21:31:42.203 +0300 INFO  ServerConfig - Host name option is "".
04-17-2024 21:31:43.671 +0300 INFO  loader - Running utility: "check-transforms-keys"
04-17-2024 21:31:43.671 +0300 INFO  loader - Getting configuration data from: C:\Program Files\Splunk\etc\myinstall\splunkd.xml
04-17-2024 21:31:43.671 +0300 INFO  loader - SPLUNK_MODULE_PATH environment variable not found - defaulting to C:\Program Files\Splunk\etc\modules
04-17-2024 21:31:43.671 +0300 INFO  loader - loading modules from C:\Program Files\Splunk\etc\modules
04-17-2024 21:31:43.671 +0300 INFO  loader - Writing out composite configuration file: C:\Program Files\Splunk\var\run\splunk\composite.xml
06-07-2024 02:21:37.092 +0300 INFO  loader - Running utility: "validatedb"
06-07-2024 02:21:37.123 +0300 INFO  loader - Getting configuration data from: C:\Program Files\Splunk\etc\myinstall\splunkd.xml
06-07-2024 02:21:37.123 +0300 INFO  loader - SPLUNK_MODULE_PATH environment variable not found - defaulting to C:\Program Files\Splunk\etc\modules
06-07-2024 02:21:37.123 +0300 INFO  loader - loading modules from C:\Program Files\Splunk\etc\modules
06-07-2024 02:21:37.139 +0300 INFO  loader - Writing out composite configuration file: C:\Program Files\Splunk\var\run\splunk\composite.xml
06-07-2024 02:21:37.154 +0300 WARN  Pstacks - Backtracing is not initialized - GeneratePstacksAction cannot be used..
06-07-2024 02:21:37.154 +0300 WARN  WatchdogActions - Initialization failed for action=pstacks. Deleting.
06-07-2024 02:21:37.201 +0300 INFO  loader - Validated 10 indexes in 46.86 milliseconds
06-07-2024 02:21:37.545 +0300 INFO  ServerConfig - Found no hostname options in server.conf. Will attempt to use default for now.
06-07-2024 02:21:37.545 +0300 INFO  ServerConfig - Host name option is "".
06-07-2024 02:21:39.169 +0300 INFO  loader - Running utility: "check-transforms-keys"
06-07-2024 02:21:39.185 +0300 INFO  loader - Getting configuration data from: C:\Program Files\Splunk\etc\myinstall\splunkd.xml
06-07-2024 02:21:39.185 +0300 INFO  loader - SPLUNK_MODULE_PATH environment variable not found - defaulting to C:\Program Files\Splunk\etc\modules
06-07-2024 02:21:39.185 +0300 INFO  loader - loading modules from C:\Program Files\Splunk\etc\modules
06-07-2024 02:21:39.185 +0300 INFO  loader - Writing out composite configuration file: C:\Program Files\Splunk\var\run\splunk\composite.xml
06-14-2024 02:28:28.016 +0300 INFO  loader - Running utility: "validatedb"
06-14-2024 02:28:28.016 +0300 INFO  loader - Getting configuration data from: C:\Program Files\Splunk\etc\myinstall\splunkd.xml
06-14-2024 02:28:28.016 +0300 INFO  loader - SPLUNK_MODULE_PATH environment variable not found - defaulting to C:\Program Files\Splunk\etc\modules
06-14-2024 02:28:28.016 +0300 INFO  loader - loading modules from C:\Program Files\Splunk\etc\modules
06-14-2024 02:28:28.032 +0300 INFO  loader - Writing out composite configuration file: C:\Program Files\Splunk\var\run\splunk\composite.xml
06-14-2024 02:28:28.048 +0300 WARN  Pstacks - Backtracing is not initialized - GeneratePstacksAction cannot be used..
06-14-2024 02:28:28.048 +0300 WARN  WatchdogActions - Initialization failed for action=pstacks. Deleting.
06-14-2024 02:28:28.095 +0300 INFO  loader - Validated 10 indexes in 46.86 milliseconds
06-14-2024 02:28:28.423 +0300 INFO  ServerConfig - Found no hostname options in server.conf. Will attempt to use default for now.
06-14-2024 02:28:28.438 +0300 INFO  ServerConfig - Host name option is "".
06-14-2024 02:28:29.766 +0300 INFO  loader - Running utility: "check-transforms-keys"
06-14-2024 02:28:29.766 +0300 INFO  loader - Getting configuration data from: C:\Program Files\Splunk\etc\myinstall\splunkd.xml
06-14-2024 02:28:29.766 +0300 INFO  loader - SPLUNK_MODULE_PATH environment variable not found - defaulting to C:\Program Files\Splunk\etc\modules
06-14-2024 02:28:29.766 +0300 INFO  loader - loading modules from C:\Program Files\Splunk\etc\modules
06-14-2024 02:28:29.766 +0300 INFO  loader - Writing out composite configuration file: C:\Program Files\Splunk\var\run\splunk\composite.xml
06-20-2024 02:36:37.946 +0300 INFO  loader - Running utility: "validatedb"
06-20-2024 02:36:37.962 +0300 INFO  loader - Getting configuration data from: C:\Program Files\Splunk\etc\myinstall\splunkd.xml
06-20-2024 02:36:37.962 +0300 INFO  loader - SPLUNK_MODULE_PATH environment variable not found - defaulting to C:\Program Files\Splunk\etc\modules
06-20-2024 02:36:37.962 +0300 INFO  loader - loading modules from C:\Program Files\Splunk\etc\modules
06-20-2024 02:36:37.977 +0300 INFO  loader - Writing out composite configuration file: C:\Program Files\Splunk\var\run\splunk\composite.xml
06-20-2024 02:36:37.993 +0300 WARN  Pstacks - Backtracing is not initialized - GeneratePstacksAction cannot be used..
06-20-2024 02:36:37.993 +0300 WARN  WatchdogActions - Initialization failed for action=pstacks. Deleting.
06-20-2024 02:36:38.040 +0300 INFO  loader - Validated 10 indexes in 46.86 milliseconds
06-20-2024 02:36:38.399 +0300 INFO  ServerConfig - Found no hostname options in server.conf. Will attempt to use default for now.
06-20-2024 02:36:38.399 +0300 INFO  ServerConfig - Host name option is "".
06-20-2024 02:36:40.008 +0300 INFO  loader - Running utility: "check-transforms-keys"
06-20-2024 02:36:40.008 +0300 INFO  loader - Getting configuration data from: C:\Program Files\Splunk\etc\myinstall\splunkd.xml
06-20-2024 02:36:40.008 +0300 INFO  loader - SPLUNK_MODULE_PATH environment variable not found - defaulting to C:\Program Files\Splunk\etc\modules
06-20-2024 02:36:40.008 +0300 INFO  loader - loading modules from C:\Program Files\Splunk\etc\modules
06-20-2024 02:36:40.008 +0300 INFO  loader - Writing out composite configuration file: C:\Program Files\Splunk\var\run\splunk\composite.xml
07-25-2024 03:12:14.249 +0300 INFO  loader - Running utility: "validatedb"
07-25-2024 03:12:14.249 +0300 INFO  loader - Getting configuration data from: C:\Program Files\Splunk\etc\myinstall\splunkd.xml
07-25-2024 03:12:14.249 +0300 INFO  loader - SPLUNK_MODULE_PATH environment variable not found - defaulting to C:\Program Files\Splunk\etc\modules
07-25-2024 03:12:14.249 +0300 INFO  loader - loading modules from C:\Program Files\Splunk\etc\modules
07-25-2024 03:12:14.264 +0300 INFO  loader - Writing out composite configuration file: C:\Program Files\Splunk\var\run\splunk\composite.xml
07-25-2024 03:12:14.280 +0300 WARN  Pstacks - Backtracing is not initialized - GeneratePstacksAction cannot be used..
07-25-2024 03:12:14.280 +0300 WARN  WatchdogActions - Initialization failed for action=pstacks. Deleting.
07-25-2024 03:12:14.311 +0300 INFO  loader - Validated 10 indexes in 31.24 milliseconds
07-25-2024 03:12:14.639 +0300 INFO  ServerConfig - Found no hostname options in server.conf. Will attempt to use default for now.
07-25-2024 03:12:14.655 +0300 INFO  ServerConfig - Host name option is "".
07-25-2024 03:12:16.249 +0300 INFO  loader - Running utility: "check-transforms-keys"
07-25-2024 03:12:16.249 +0300 INFO  loader - Getting configuration data from: C:\Program Files\Splunk\etc\myinstall\splunkd.xml
07-25-2024 03:12:16.249 +0300 INFO  loader - SPLUNK_MODULE_PATH environment variable not found - defaulting to C:\Program Files\Splunk\etc\modules
07-25-2024 03:12:16.249 +0300 INFO  loader - loading modules from C:\Program Files\Splunk\etc\modules
07-25-2024 03:12:16.249 +0300 INFO  loader - Writing out composite configuration file: C:\Program Files\Splunk\var\run\splunk\composite.xml
07-25-2024 03:16:06.569 +0300 INFO  loader - Running utility: "validatedb"
07-25-2024 03:16:06.585 +0300 INFO  loader - Getting configuration data from: C:\Program Files\Splunk\etc\myinstall\splunkd.xml
07-25-2024 03:16:06.585 +0300 INFO  loader - SPLUNK_MODULE_PATH environment variable not found - defaulting to C:\Program Files\Splunk\etc\modules
07-25-2024 03:16:06.585 +0300 INFO  loader - loading modules from C:\Program Files\Splunk\etc\modules
07-25-2024 03:16:06.601 +0300 INFO  loader - Writing out composite configuration file: C:\Program Files\Splunk\var\run\splunk\composite.xml
07-25-2024 03:16:06.616 +0300 WARN  Pstacks - Backtracing is not initialized - GeneratePstacksAction cannot be used..
07-25-2024 03:16:06.616 +0300 WARN  WatchdogActions - Initialization failed for action=pstacks. Deleting.
07-25-2024 03:16:06.663 +0300 INFO  loader - Validated 10 indexes in 46.86 milliseconds
07-25-2024 03:16:06.976 +0300 INFO  ServerConfig - Found no hostname options in server.conf. Will attempt to use default for now.
07-25-2024 03:16:06.991 +0300 INFO  ServerConfig - Host name option is "".
07-25-2024 03:16:08.725 +0300 INFO  loader - Running utility: "check-transforms-keys"
07-25-2024 03:16:08.725 +0300 INFO  loader - Getting configuration data from: C:\Program Files\Splunk\etc\myinstall\splunkd.xml
07-25-2024 03:16:08.725 +0300 INFO  loader - SPLUNK_MODULE_PATH environment variable not found - defaulting to C:\Program Files\Splunk\etc\modules
07-25-2024 03:16:08.725 +0300 INFO  loader - loading modules from C:\Program Files\Splunk\etc\modules
07-25-2024 03:16:08.725 +0300 INFO  loader - Writing out composite configuration file: C:\Program Files\Splunk\var\run\splunk\composite.xml
09-14-2024 02:29:41.782 +0300 INFO  loader - Running utility: "validatedb"
09-14-2024 02:29:41.798 +0300 INFO  loader - Getting configuration data from: C:\Program Files\Splunk\etc\myinstall\splunkd.xml
09-14-2024 02:29:41.798 +0300 INFO  loader - SPLUNK_MODULE_PATH environment variable not found - defaulting to C:\Program Files\Splunk\etc\modules
09-14-2024 02:29:41.798 +0300 INFO  loader - loading modules from C:\Program Files\Splunk\etc\modules
09-14-2024 02:29:41.814 +0300 INFO  loader - Writing out composite configuration file: C:\Program Files\Splunk\var\run\splunk\composite.xml
09-14-2024 02:29:41.830 +0300 WARN  Pstacks - Backtracing is not initialized - GeneratePstacksAction cannot be used..
09-14-2024 02:29:41.830 +0300 WARN  WatchdogActions - Initialization failed for action=pstacks. Deleting.
09-14-2024 02:29:41.877 +0300 INFO  loader - Validated 10 indexes in 46.87 milliseconds
09-14-2024 02:29:42.205 +0300 INFO  ServerConfig - Found no hostname options in server.conf. Will attempt to use default for now.
09-14-2024 02:29:42.205 +0300 INFO  ServerConfig - Host name option is "".
09-14-2024 02:29:43.736 +0300 INFO  loader - Running utility: "check-transforms-keys"
09-14-2024 02:29:43.736 +0300 INFO  loader - Getting configuration data from: C:\Program Files\Splunk\etc\myinstall\splunkd.xml
09-14-2024 02:29:43.736 +0300 INFO  loader - SPLUNK_MODULE_PATH environment variable not found - defaulting to C:\Program Files\Splunk\etc\modules
09-14-2024 02:29:43.736 +0300 INFO  loader - loading modules from C:\Program Files\Splunk\etc\modules
09-14-2024 02:29:43.736 +0300 INFO  loader - Writing out composite configuration file: C:\Program Files\Splunk\var\run\splunk\composite.xml
09-23-2024 21:31:24.060 +0300 INFO  loader - Running utility: "validatedb"
09-23-2024 21:31:24.092 +0300 INFO  loader - Getting configuration data from: C:\Program Files\Splunk\etc\myinstall\splunkd.xml
09-23-2024 21:31:24.092 +0300 INFO  loader - SPLUNK_MODULE_PATH environment variable not found - defaulting to C:\Program Files\Splunk\etc\modules
09-23-2024 21:31:24.092 +0300 INFO  loader - loading modules from C:\Program Files\Splunk\etc\modules
09-23-2024 21:31:24.107 +0300 INFO  loader - Writing out composite configuration file: C:\Program Files\Splunk\var\run\splunk\composite.xml
09-23-2024 21:31:24.123 +0300 WARN  Pstacks - Backtracing is not initialized - GeneratePstacksAction cannot be used..
09-23-2024 21:31:24.123 +0300 WARN  WatchdogActions - Initialization failed for action=pstacks. Deleting.
09-23-2024 21:31:24.170 +0300 INFO  loader - Validated 10 indexes in 46.86 milliseconds
09-23-2024 21:31:24.576 +0300 INFO  ServerConfig - Found no hostname options in server.conf. Will attempt to use default for now.
09-23-2024 21:31:24.591 +0300 INFO  ServerConfig - Host name option is "".
09-23-2024 21:31:26.045 +0300 INFO  loader - Running utility: "check-transforms-keys"
09-23-2024 21:31:26.045 +0300 INFO  loader - Getting configuration data from: C:\Program Files\Splunk\etc\myinstall\splunkd.xml
09-23-2024 21:31:26.045 +0300 INFO  loader - SPLUNK_MODULE_PATH environment variable not found - defaulting to C:\Program Files\Splunk\etc\modules
09-23-2024 21:31:26.045 +0300 INFO  loader - loading modules from C:\Program Files\Splunk\etc\modules
09-23-2024 21:31:26.060 +0300 INFO  loader - Writing out composite configuration file: C:\Program Files\Splunk\var\run\splunk\composite.xml
10-31-2024 03:00:10.906 +0200 INFO  loader - Running utility: "validatedb"
10-31-2024 03:00:10.906 +0200 INFO  loader - Getting configuration data from: C:\Program Files\Splunk\etc\myinstall\splunkd.xml
10-31-2024 03:00:10.906 +0200 INFO  loader - SPLUNK_MODULE_PATH environment variable not found - defaulting to C:\Program Files\Splunk\etc\modules
10-31-2024 03:00:10.906 +0200 INFO  loader - loading modules from C:\Program Files\Splunk\etc\modules
10-31-2024 03:00:10.922 +0200 INFO  loader - Writing out composite configuration file: C:\Program Files\Splunk\var\run\splunk\composite.xml
10-31-2024 03:00:10.937 +0200 WARN  Pstacks - Backtracing is not initialized - GeneratePstacksAction cannot be used..
10-31-2024 03:00:10.937 +0200 WARN  WatchdogActions - Initialization failed for action=pstacks. Deleting.
10-31-2024 03:00:10.985 +0200 INFO  loader - Validated 10 indexes in 47.37 milliseconds
10-31-2024 03:00:11.306 +0200 INFO  ServerConfig - Found no hostname options in server.conf. Will attempt to use default for now.
10-31-2024 03:00:11.306 +0200 INFO  ServerConfig - Host name option is "".
10-31-2024 03:00:12.962 +0200 INFO  loader - Running utility: "check-transforms-keys"
10-31-2024 03:00:12.962 +0200 INFO  loader - Getting configuration data from: C:\Program Files\Splunk\etc\myinstall\splunkd.xml
10-31-2024 03:00:12.962 +0200 INFO  loader - SPLUNK_MODULE_PATH environment variable not found - defaulting to C:\Program Files\Splunk\etc\modules
10-31-2024 03:00:12.962 +0200 INFO  loader - loading modules from C:\Program Files\Splunk\etc\modules
10-31-2024 03:00:12.962 +0200 INFO  loader - Writing out composite configuration file: C:\Program Files\Splunk\var\run\splunk\composite.xml
01-31-2025 03:08:38.945 +0200 INFO  loader - Running utility: "validatedb"
01-31-2025 03:08:38.951 +0200 INFO  loader - Getting configuration data from: C:\Program Files\Splunk\etc\myinstall\splunkd.xml
01-31-2025 03:08:38.953 +0200 INFO  loader - SPLUNK_MODULE_PATH environment variable not found - defaulting to C:\Program Files\Splunk\etc\modules
01-31-2025 03:08:38.953 +0200 INFO  loader - loading modules from C:\Program Files\Splunk\etc\modules
01-31-2025 03:08:38.967 +0200 INFO  loader - Writing out composite configuration file: C:\Program Files\Splunk\var\run\splunk\composite.xml
01-31-2025 03:08:38.983 +0200 WARN  Pstacks - Backtracing is not initialized - GeneratePstacksAction cannot be used..
01-31-2025 03:08:38.983 +0200 WARN  WatchdogActions - Initialization failed for action=pstacks. Deleting.
01-31-2025 03:08:39.046 +0200 INFO  loader - Validated 10 indexes in 63.31 milliseconds
01-31-2025 03:08:39.425 +0200 INFO  ServerConfig - Found no hostname options in server.conf. Will attempt to use default for now.
01-31-2025 03:08:39.425 +0200 INFO  ServerConfig - Host name option is "".
01-31-2025 03:08:41.267 +0200 INFO  loader - Running utility: "check-transforms-keys"
01-31-2025 03:08:41.276 +0200 INFO  loader - Getting configuration data from: C:\Program Files\Splunk\etc\myinstall\splunkd.xml
01-31-2025 03:08:41.276 +0200 INFO  loader - SPLUNK_MODULE_PATH environment variable not found - defaulting to C:\Program Files\Splunk\etc\modules
01-31-2025 03:08:41.276 +0200 INFO  loader - loading modules from C:\Program Files\Splunk\etc\modules
01-31-2025 03:08:41.276 +0200 INFO  loader - Writing out composite configuration file: C:\Program Files\Splunk\var\run\splunk\composite.xml
01-31-2025 03:10:08.627 +0200 INFO  loader - Running utility: "validatedb"
01-31-2025 03:10:08.643 +0200 INFO  loader - Getting configuration data from: C:\Program Files\Splunk\etc\myinstall\splunkd.xml
01-31-2025 03:10:08.643 +0200 INFO  loader - SPLUNK_MODULE_PATH environment variable not found - defaulting to C:\Program Files\Splunk\etc\modules
01-31-2025 03:10:08.643 +0200 INFO  loader - loading modules from C:\Program Files\Splunk\etc\modules
01-31-2025 03:10:08.659 +0200 INFO  loader - Writing out composite configuration file: C:\Program Files\Splunk\var\run\splunk\composite.xml
01-31-2025 03:10:08.674 +0200 WARN  Pstacks - Backtracing is not initialized - GeneratePstacksAction cannot be used..
01-31-2025 03:10:08.674 +0200 WARN  WatchdogActions - Initialization failed for action=pstacks. Deleting.
01-31-2025 03:10:08.742 +0200 INFO  loader - Validated 10 indexes in 67.53 milliseconds
01-31-2025 03:10:09.133 +0200 INFO  ServerConfig - Found no hostname options in server.conf. Will attempt to use default for now.
01-31-2025 03:10:09.149 +0200 INFO  ServerConfig - Host name option is "".
01-31-2025 03:10:11.037 +0200 INFO  loader - Running utility: "check-transforms-keys"
01-31-2025 03:10:11.057 +0200 INFO  loader - Getting configuration data from: C:\Program Files\Splunk\etc\myinstall\splunkd.xml
01-31-2025 03:10:11.057 +0200 INFO  loader - SPLUNK_MODULE_PATH environment variable not found - defaulting to C:\Program Files\Splunk\etc\modules
01-31-2025 03:10:11.057 +0200 INFO  loader - loading modules from C:\Program Files\Splunk\etc\modules
01-31-2025 03:10:11.063 +0200 INFO  loader - Writing out composite configuration file: C:\Program Files\Splunk\var\run\splunk\composite.xml
05-29-2025 03:09:47.832 +0300 INFO  loader - Running utility: "validatedb"
05-29-2025 03:09:47.847 +0300 INFO  loader - Getting configuration data from: C:\Program Files\Splunk\etc\myinstall\splunkd.xml
05-29-2025 03:09:47.847 +0300 INFO  loader - SPLUNK_MODULE_PATH environment variable not found - defaulting to C:\Program Files\Splunk\etc\modules
05-29-2025 03:09:47.847 +0300 INFO  loader - loading modules from C:\Program Files\Splunk\etc\modules
05-29-2025 03:09:47.863 +0300 INFO  loader - Writing out composite configuration file: C:\Program Files\Splunk\var\run\splunk\composite.xml
05-29-2025 03:09:47.863 +0300 WARN  Pstacks - Backtracing is not initialized - GeneratePstacksAction cannot be used..
05-29-2025 03:09:47.863 +0300 WARN  WatchdogActions - Initialization failed for action=pstacks. Deleting.
05-29-2025 03:09:47.933 +0300 INFO  loader - Validated 10 indexes in 69.50 milliseconds
05-29-2025 03:09:48.337 +0300 INFO  ServerConfig - Found no hostname options in server.conf. Will attempt to use default for now.
05-29-2025 03:09:48.357 +0300 INFO  ServerConfig - Host name option is "".
05-29-2025 03:09:50.405 +0300 INFO  loader - Running utility: "check-transforms-keys"
05-29-2025 03:09:50.405 +0300 INFO  loader - Getting configuration data from: C:\Program Files\Splunk\etc\myinstall\splunkd.xml
05-29-2025 03:09:50.405 +0300 INFO  loader - SPLUNK_MODULE_PATH environment variable not found - defaulting to C:\Program Files\Splunk\etc\modules
05-29-2025 03:09:50.405 +0300 INFO  loader - loading modules from C:\Program Files\Splunk\etc\modules
05-29-2025 03:09:50.405 +0300 INFO  loader - Writing out composite configuration file: C:\Program Files\Splunk\var\run\splunk\composite.xml
05-29-2025 03:12:50.788 +0300 INFO  loader - Running utility: "validatedb"
05-29-2025 03:12:50.788 +0300 INFO  loader - Getting configuration data from: C:\Program Files\Splunk\etc\myinstall\splunkd.xml
05-29-2025 03:12:50.803 +0300 INFO  loader - SPLUNK_MODULE_PATH environment variable not found - defaulting to C:\Program Files\Splunk\etc\modules
05-29-2025 03:12:50.803 +0300 INFO  loader - loading modules from C:\Program Files\Splunk\etc\modules
05-29-2025 03:12:50.819 +0300 INFO  loader - Writing out composite configuration file: C:\Program Files\Splunk\var\run\splunk\composite.xml
05-29-2025 03:12:50.835 +0300 WARN  Pstacks - Backtracing is not initialized - GeneratePstacksAction cannot be used..
05-29-2025 03:12:50.835 +0300 WARN  WatchdogActions - Initialization failed for action=pstacks. Deleting.
05-29-2025 03:12:50.914 +0300 INFO  loader - Validated 10 indexes in 79.04 milliseconds
05-29-2025 03:12:51.341 +0300 INFO  ServerConfig - Found no hostname options in server.conf. Will attempt to use default for now.
05-29-2025 03:12:51.357 +0300 INFO  ServerConfig - Host name option is "".
05-29-2025 03:12:53.182 +0300 INFO  loader - Running utility: "check-transforms-keys"
05-29-2025 03:12:53.182 +0300 INFO  loader - Getting configuration data from: C:\Program Files\Splunk\etc\myinstall\splunkd.xml
05-29-2025 03:12:53.182 +0300 INFO  loader - SPLUNK_MODULE_PATH environment variable not found - defaulting to C:\Program Files\Splunk\etc\modules
05-29-2025 03:12:53.182 +0300 INFO  loader - loading modules from C:\Program Files\Splunk\etc\modules
05-29-2025 03:12:53.182 +0300 INFO  loader - Writing out composite configuration file: C:\Program Files\Splunk\var\run\splunk\composite.xml
06-08-2025 10:34:36.186 +0300 INFO  loader - Splunkd starting (build e053ef3c985f).
06-08-2025 10:34:36.186 +0300 INFO  loader - System info: Windows, BEER-PC01, 0, 10, x64.
06-08-2025 10:34:36.186 +0300 INFO  loader - Detected 16 (virtual) CPUs, 8 CPU cores, and 16160MB RAM
06-08-2025 10:34:36.186 +0300 INFO  loader - Maximum number of threads (approximate): 8080
06-08-2025 10:34:36.186 +0300 INFO  loader - Getting configuration data from: C:\Program Files\Splunk\etc\myinstall\splunkd.xml
06-08-2025 10:34:36.202 +0300 INFO  loader - SPLUNK_MODULE_PATH environment variable not found - defaulting to C:\Program Files\Splunk\etc\modules
06-08-2025 10:34:36.202 +0300 INFO  loader - loading modules from C:\Program Files\Splunk\etc\modules
06-08-2025 10:34:36.311 +0300 INFO  loader - Writing out composite configuration file: C:\Program Files\Splunk\var\run\splunk\composite.xml
06-08-2025 10:34:36.326 +0300 INFO  ServerConfig - Found no hostname options in server.conf. Will attempt to use default for now.
06-08-2025 10:34:36.326 +0300 INFO  ServerConfig - Host name option is "".
06-08-2025 10:34:36.326 +0300 INFO  ServerConfig - Splunk is starting with EC-SSC disabled
06-08-2025 10:34:47.655 +0300 INFO  loader - Getting configuration data from: C:\Program Files\Splunk\etc\myinstall\splunkd.xml
06-08-2025 10:34:47.670 +0300 INFO  loader - SPLUNK_MODULE_PATH environment variable not found - defaulting to C:\Program Files\Splunk\etc\modules
06-08-2025 10:34:47.670 +0300 INFO  loader - loading modules from C:\Program Files\Splunk\etc\modules
06-08-2025 10:34:47.670 +0300 INFO  loader - Writing out composite configuration file: C:\Program Files\Splunk\var\run\splunk\composite.xml
06-08-2025 10:34:47.729 +0300 INFO  loader - Validated 10 indexes in 58.59 milliseconds
06-08-2025 10:34:48.061 +0300 INFO  ServerConfig - Found no hostname options in server.conf. Will attempt to use default for now.
06-08-2025 10:34:48.061 +0300 INFO  ServerConfig - Host name option is "".
06-08-2025 10:34:48.077 +0300 INFO  ServerConfig - Splunk is starting with EC-SSC disabled
06-08-2025 10:34:51.123 +0300 INFO  loader - Getting configuration data from: C:\Program Files\Splunk\etc\myinstall\splunkd.xml
06-08-2025 10:34:51.123 +0300 INFO  loader - SPLUNK_MODULE_PATH environment variable not found - defaulting to C:\Program Files\Splunk\etc\modules
06-08-2025 10:34:51.123 +0300 INFO  loader - loading modules from C:\Program Files\Splunk\etc\modules
06-08-2025 10:34:51.139 +0300 INFO  loader - Writing out composite configuration file: C:\Program Files\Splunk\var\run\splunk\composite.xml
06-08-2025 10:34:56.561 +0300 INFO  ServerConfig - Found no hostname options in server.conf. Will attempt to use default for now.
06-08-2025 10:34:56.561 +0300 INFO  ServerConfig - Host name option is "".
06-08-2025 10:34:56.566 +0300 INFO  ServerConfig - Splunk is starting with EC-SSC disabled
06-08-2025 10:35:00.994 +0300 INFO  loader - Getting configuration data from: C:\Program Files\Splunk\etc\myinstall\splunkd.xml
06-08-2025 10:35:00.998 +0300 INFO  loader - SPLUNK_MODULE_PATH environment variable not found - defaulting to C:\Program Files\Splunk\etc\modules
06-08-2025 10:35:00.999 +0300 INFO  loader - loading modules from C:\Program Files\Splunk\etc\modules
06-08-2025 10:35:01.008 +0300 INFO  loader - Writing out composite configuration file: C:\Program Files\Splunk\var\run\splunk\composite.xml
06-08-2025 10:35:01.065 +0300 INFO  loader - Validated 10 indexes in 48.88 milliseconds
06-08-2025 10:35:01.412 +0300 INFO  ServerConfig - Found no hostname options in server.conf. Will attempt to use default for now.
06-08-2025 10:35:01.420 +0300 INFO  ServerConfig - Host name option is "".
06-08-2025 10:35:01.428 +0300 INFO  ServerConfig - Splunk is starting with EC-SSC disabled
06-08-2025 10:35:03.099 +0300 INFO  loader - Getting configuration data from: C:\Program Files\Splunk\etc\myinstall\splunkd.xml
06-08-2025 10:35:03.103 +0300 INFO  loader - SPLUNK_MODULE_PATH environment variable not found - defaulting to C:\Program Files\Splunk\etc\modules
06-08-2025 10:35:03.103 +0300 INFO  loader - loading modules from C:\Program Files\Splunk\etc\modules
06-08-2025 10:35:03.110 +0300 INFO  loader - Writing out composite configuration file: C:\Program Files\Splunk\var\run\splunk\composite.xml
06-08-2025 10:35:08.092 +0300 INFO  loader - Getting configuration data from: C:\Program Files\Splunk\etc\myinstall\splunkd.xml
06-08-2025 10:35:08.092 +0300 INFO  loader - SPLUNK_MODULE_PATH environment variable not found - defaulting to C:\Program Files\Splunk\etc\modules
06-08-2025 10:35:08.092 +0300 INFO  loader - loading modules from C:\Program Files\Splunk\etc\modules
06-08-2025 10:35:08.108 +0300 INFO  loader - Writing out composite configuration file: C:\Program Files\Splunk\var\run\splunk\composite.xml
06-08-2025 10:35:08.160 +0300 INFO  loader - Validated 10 indexes in 51.98 milliseconds
06-08-2025 10:35:08.493 +0300 INFO  ServerConfig - Found no hostname options in server.conf. Will attempt to use default for now.
06-08-2025 10:35:08.495 +0300 INFO  ServerConfig - Host name option is "".
06-08-2025 10:35:08.504 +0300 INFO  ServerConfig - Splunk is starting with EC-SSC disabled
06-08-2025 10:35:10.140 +0300 INFO  loader - Getting configuration data from: C:\Program Files\Splunk\etc\myinstall\splunkd.xml
06-08-2025 10:35:10.143 +0300 INFO  loader - SPLUNK_MODULE_PATH environment variable not found - defaulting to C:\Program Files\Splunk\etc\modules
06-08-2025 10:35:10.143 +0300 INFO  loader - loading modules from C:\Program Files\Splunk\etc\modules
06-08-2025 10:35:10.149 +0300 INFO  loader - Writing out composite configuration file: C:\Program Files\Splunk\var\run\splunk\composite.xml
06-08-2025 10:51:15.754 +0300 INFO  ServerConfig - Found no hostname options in server.conf. Will attempt to use default for now.
06-08-2025 10:51:15.754 +0300 INFO  ServerConfig - Host name option is "".
06-08-2025 10:51:15.762 +0300 INFO  ServerConfig - Splunk is starting with EC-SSC disabled
06-08-2025 10:51:18.418 +0300 INFO  loader - Getting configuration data from: C:\Program Files\Splunk\etc\myinstall\splunkd.xml
06-08-2025 10:51:18.427 +0300 INFO  loader - SPLUNK_MODULE_PATH environment variable not found - defaulting to C:\Program Files\Splunk\etc\modules
06-08-2025 10:51:18.427 +0300 INFO  loader - loading modules from C:\Program Files\Splunk\etc\modules
06-08-2025 10:51:18.434 +0300 INFO  loader - Writing out composite configuration file: C:\Program Files\Splunk\var\run\splunk\composite.xml
06-08-2025 10:51:18.443 +0300 INFO  loader - Skipping validation of index paths because not running as LocalSystem
06-08-2025 10:51:18.443 +0300 INFO  loader - Validated 10 indexes in 9.891 milliseconds
06-08-2025 10:51:18.770 +0300 INFO  ServerConfig - Found no hostname options in server.conf. Will attempt to use default for now.
06-08-2025 10:51:18.770 +0300 INFO  ServerConfig - Host name option is "".
06-08-2025 10:51:18.777 +0300 INFO  ServerConfig - Splunk is starting with EC-SSC disabled
06-08-2025 10:51:20.399 +0300 INFO  loader - Getting configuration data from: C:\Program Files\Splunk\etc\myinstall\splunkd.xml
06-08-2025 10:51:20.402 +0300 INFO  loader - SPLUNK_MODULE_PATH environment variable not found - defaulting to C:\Program Files\Splunk\etc\modules
06-08-2025 10:51:20.402 +0300 INFO  loader - loading modules from C:\Program Files\Splunk\etc\modules
06-08-2025 10:51:20.409 +0300 INFO  loader - Writing out composite configuration file: C:\Program Files\Splunk\var\run\splunk\composite.xml
06-08-2025 10:51:25.590 +0300 INFO  loader - Getting configuration data from: C:\Program Files\Splunk\etc\myinstall\splunkd.xml
06-08-2025 10:51:25.596 +0300 INFO  loader - SPLUNK_MODULE_PATH environment variable not found - defaulting to C:\Program Files\Splunk\etc\modules
06-08-2025 10:51:25.596 +0300 INFO  loader - loading modules from C:\Program Files\Splunk\etc\modules
06-08-2025 10:51:25.596 +0300 INFO  loader - Writing out composite configuration file: C:\Program Files\Splunk\var\run\splunk\composite.xml
06-08-2025 10:51:25.652 +0300 INFO  loader - Validated 10 indexes in 46.65 milliseconds
06-08-2025 10:51:25.966 +0300 INFO  ServerConfig - Found no hostname options in server.conf. Will attempt to use default for now.
06-08-2025 10:51:25.966 +0300 INFO  ServerConfig - Host name option is "".
06-08-2025 10:51:25.981 +0300 INFO  ServerConfig - Splunk is starting with EC-SSC disabled
06-08-2025 10:51:27.559 +0300 INFO  loader - Getting configuration data from: C:\Program Files\Splunk\etc\myinstall\splunkd.xml
06-08-2025 10:51:27.559 +0300 INFO  loader - SPLUNK_MODULE_PATH environment variable not found - defaulting to C:\Program Files\Splunk\etc\modules
06-08-2025 10:51:27.559 +0300 INFO  loader - loading modules from C:\Program Files\Splunk\etc\modules
06-08-2025 10:51:27.574 +0300 INFO  loader - Writing out composite configuration file: C:\Program Files\Splunk\var\run\splunk\composite.xml
06-08-2025 10:56:14.254 +0300 INFO  ServerConfig - Found no hostname options in server.conf. Will attempt to use default for now.
06-08-2025 10:56:14.256 +0300 INFO  ServerConfig - Host name option is "".
06-08-2025 10:56:14.266 +0300 INFO  ServerConfig - Splunk is starting with EC-SSC disabled
06-08-2025 10:56:16.908 +0300 INFO  loader - Getting configuration data from: C:\Program Files\Splunk\etc\myinstall\splunkd.xml
06-08-2025 10:56:16.908 +0300 INFO  loader - SPLUNK_MODULE_PATH environment variable not found - defaulting to C:\Program Files\Splunk\etc\modules
06-08-2025 10:56:16.908 +0300 INFO  loader - loading modules from C:\Program Files\Splunk\etc\modules
06-08-2025 10:56:16.919 +0300 INFO  loader - Writing out composite configuration file: C:\Program Files\Splunk\var\run\splunk\composite.xml
06-08-2025 10:56:16.924 +0300 INFO  loader - Skipping validation of index paths because not running as LocalSystem
06-08-2025 10:56:16.924 +0300 INFO  loader - Validated 10 indexes in 0 microseconds
06-08-2025 10:56:17.291 +0300 INFO  ServerConfig - Found no hostname options in server.conf. Will attempt to use default for now.
06-08-2025 10:56:17.291 +0300 INFO  ServerConfig - Host name option is "".
06-08-2025 10:56:17.299 +0300 INFO  ServerConfig - Splunk is starting with EC-SSC disabled
06-08-2025 10:56:18.830 +0300 INFO  loader - Getting configuration data from: C:\Program Files\Splunk\etc\myinstall\splunkd.xml
06-08-2025 10:56:18.830 +0300 INFO  loader - SPLUNK_MODULE_PATH environment variable not found - defaulting to C:\Program Files\Splunk\etc\modules
06-08-2025 10:56:18.830 +0300 INFO  loader - loading modules from C:\Program Files\Splunk\etc\modules
06-08-2025 10:56:18.845 +0300 INFO  loader - Writing out composite configuration file: C:\Program Files\Splunk\var\run\splunk\composite.xml
06-08-2025 10:56:23.814 +0300 INFO  loader - Getting configuration data from: C:\Program Files\Splunk\etc\myinstall\splunkd.xml
06-08-2025 10:56:23.821 +0300 INFO  loader - SPLUNK_MODULE_PATH environment variable not found - defaulting to C:\Program Files\Splunk\etc\modules
06-08-2025 10:56:23.821 +0300 INFO  loader - loading modules from C:\Program Files\Splunk\etc\modules
06-08-2025 10:56:23.821 +0300 INFO  loader - Writing out composite configuration file: C:\Program Files\Splunk\var\run\splunk\composite.xml
06-08-2025 10:56:23.884 +0300 INFO  loader - Validated 10 indexes in 47.79 milliseconds
06-08-2025 10:56:24.251 +0300 INFO  ServerConfig - Found no hostname options in server.conf. Will attempt to use default for now.
06-08-2025 10:56:24.251 +0300 INFO  ServerConfig - Host name option is "".
06-08-2025 10:56:24.251 +0300 INFO  ServerConfig - Splunk is starting with EC-SSC disabled
06-08-2025 10:56:25.767 +0300 INFO  loader - Getting configuration data from: C:\Program Files\Splunk\etc\myinstall\splunkd.xml
06-08-2025 10:56:25.783 +0300 INFO  loader - SPLUNK_MODULE_PATH environment variable not found - defaulting to C:\Program Files\Splunk\etc\modules
06-08-2025 10:56:25.783 +0300 INFO  loader - loading modules from C:\Program Files\Splunk\etc\modules
06-08-2025 10:56:25.783 +0300 INFO  loader - Writing out composite configuration file: C:\Program Files\Splunk\var\run\splunk\composite.xml
06-09-2025 14:42:48.384 +0300 INFO  loader - Getting configuration data from: C:\Program Files\Splunk\etc\myinstall\splunkd.xml
06-09-2025 14:42:48.390 +0300 INFO  loader - SPLUNK_MODULE_PATH environment variable not found - defaulting to C:\Program Files\Splunk\etc\modules
06-09-2025 14:42:48.391 +0300 INFO  loader - loading modules from C:\Program Files\Splunk\etc\modules
06-09-2025 14:42:48.403 +0300 INFO  loader - Writing out composite configuration file: C:\Program Files\Splunk\var\run\splunk\composite.xml
06-09-2025 14:42:48.474 +0300 INFO  loader - Validated 10 indexes in 57.64 milliseconds
06-09-2025 14:42:48.908 +0300 INFO  ServerConfig - Found no hostname options in server.conf. Will attempt to use default for now.
06-09-2025 14:42:48.911 +0300 INFO  ServerConfig - Host name option is "".
06-09-2025 14:42:48.923 +0300 INFO  ServerConfig - Splunk is starting with EC-SSC disabled
06-09-2025 14:42:51.137 +0300 INFO  loader - Getting configuration data from: C:\Program Files\Splunk\etc\myinstall\splunkd.xml
06-09-2025 14:42:51.142 +0300 INFO  loader - SPLUNK_MODULE_PATH environment variable not found - defaulting to C:\Program Files\Splunk\etc\modules
06-09-2025 14:42:51.142 +0300 INFO  loader - loading modules from C:\Program Files\Splunk\etc\modules
06-09-2025 14:42:51.150 +0300 INFO  loader - Writing out composite configuration file: C:\Program Files\Splunk\var\run\splunk\composite.xml
06-10-2025 15:33:01.335 +0300 INFO  loader - Getting configuration data from: C:\Program Files\Splunk\etc\myinstall\splunkd.xml
06-10-2025 15:33:01.349 +0300 INFO  loader - SPLUNK_MODULE_PATH environment variable not found - defaulting to C:\Program Files\Splunk\etc\modules
06-10-2025 15:33:01.349 +0300 INFO  loader - loading modules from C:\Program Files\Splunk\etc\modules
06-10-2025 15:33:01.497 +0300 INFO  loader - Writing out composite configuration file: C:\Program Files\Splunk\var\run\splunk\composite.xml
06-10-2025 15:33:01.577 +0300 INFO  loader - Validated 10 indexes in 55.58 milliseconds
06-10-2025 15:33:02.067 +0300 INFO  ServerConfig - Found no hostname options in server.conf. Will attempt to use default for now.
06-10-2025 15:33:02.069 +0300 INFO  ServerConfig - Host name option is "".
06-10-2025 15:33:02.079 +0300 INFO  ServerConfig - Splunk is starting with EC-SSC disabled
06-10-2025 15:33:04.486 +0300 INFO  loader - Getting configuration data from: C:\Program Files\Splunk\etc\myinstall\splunkd.xml
06-10-2025 15:33:04.489 +0300 INFO  loader - SPLUNK_MODULE_PATH environment variable not found - defaulting to C:\Program Files\Splunk\etc\modules
06-10-2025 15:33:04.489 +0300 INFO  loader - loading modules from C:\Program Files\Splunk\etc\modules
06-10-2025 15:33:04.497 +0300 INFO  loader - Writing out composite configuration file: C:\Program Files\Splunk\var\run\splunk\composite.xml
06-11-2025 17:29:55.226 +0300 INFO  ServerConfig - Found no hostname options in server.conf. Will attempt to use default for now.
06-11-2025 17:29:55.230 +0300 INFO  ServerConfig - Host name option is "".
06-11-2025 17:29:55.244 +0300 INFO  ServerConfig - Splunk is starting with EC-SSC disabled
06-11-2025 17:30:00.931 +0300 INFO  loader - Getting configuration data from: C:\Program Files\Splunk\etc\myinstall\splunkd.xml
06-11-2025 17:30:00.935 +0300 INFO  loader - SPLUNK_MODULE_PATH environment variable not found - defaulting to C:\Program Files\Splunk\etc\modules
06-11-2025 17:30:00.935 +0300 INFO  loader - loading modules from C:\Program Files\Splunk\etc\modules
06-11-2025 17:30:00.945 +0300 INFO  loader - Writing out composite configuration file: C:\Program Files\Splunk\var\run\splunk\composite.xml
06-11-2025 17:30:00.972 +0300 INFO  loader - Skipping validation of index paths because not running as LocalSystem
06-11-2025 17:30:00.972 +0300 INFO  loader - Validated 10 indexes in 11.66 milliseconds
06-11-2025 17:30:01.490 +0300 INFO  ServerConfig - Found no hostname options in server.conf. Will attempt to use default for now.
06-11-2025 17:30:01.494 +0300 INFO  ServerConfig - Host name option is "".
06-11-2025 17:30:01.506 +0300 INFO  ServerConfig - Splunk is starting with EC-SSC disabled
06-11-2025 17:30:04.182 +0300 INFO  loader - Getting configuration data from: C:\Program Files\Splunk\etc\myinstall\splunkd.xml
06-11-2025 17:30:04.187 +0300 INFO  loader - SPLUNK_MODULE_PATH environment variable not found - defaulting to C:\Program Files\Splunk\etc\modules
06-11-2025 17:30:04.187 +0300 INFO  loader - loading modules from C:\Program Files\Splunk\etc\modules
06-11-2025 17:30:04.196 +0300 INFO  loader - Writing out composite configuration file: C:\Program Files\Splunk\var\run\splunk\composite.xml
06-11-2025 17:30:12.189 +0300 INFO  loader - Getting configuration data from: C:\Program Files\Splunk\etc\myinstall\splunkd.xml
06-11-2025 17:30:12.191 +0300 INFO  loader - SPLUNK_MODULE_PATH environment variable not found - defaulting to C:\Program Files\Splunk\etc\modules
06-11-2025 17:30:12.192 +0300 INFO  loader - loading modules from C:\Program Files\Splunk\etc\modules
06-11-2025 17:30:12.201 +0300 INFO  loader - Writing out composite configuration file: C:\Program Files\Splunk\var\run\splunk\composite.xml
06-11-2025 17:30:12.258 +0300 INFO  loader - Validated 10 indexes in 49.28 milliseconds
06-11-2025 17:30:12.737 +0300 INFO  ServerConfig - Found no hostname options in server.conf. Will attempt to use default for now.
06-11-2025 17:30:12.739 +0300 INFO  ServerConfig - Host name option is "".
06-11-2025 17:30:12.768 +0300 INFO  ServerConfig - Splunk is starting with EC-SSC disabled
06-11-2025 17:30:15.032 +0300 INFO  loader - Getting configuration data from: C:\Program Files\Splunk\etc\myinstall\splunkd.xml
06-11-2025 17:30:15.038 +0300 INFO  loader - SPLUNK_MODULE_PATH environment variable not found - defaulting to C:\Program Files\Splunk\etc\modules
06-11-2025 17:30:15.038 +0300 INFO  loader - loading modules from C:\Program Files\Splunk\etc\modules
06-11-2025 17:30:15.047 +0300 INFO  loader - Writing out composite configuration file: C:\Program Files\Splunk\var\run\splunk\composite.xml
06-12-2025 13:16:24.760 +0300 INFO  ServerConfig - Found no hostname options in server.conf. Will attempt to use default for now.
06-12-2025 13:16:24.763 +0300 INFO  ServerConfig - Host name option is "".
06-12-2025 13:16:24.775 +0300 INFO  ServerConfig - Splunk is starting with EC-SSC disabled
06-12-2025 13:16:30.225 +0300 INFO  loader - Getting configuration data from: C:\Program Files\Splunk\etc\myinstall\splunkd.xml
06-12-2025 13:16:30.229 +0300 INFO  loader - SPLUNK_MODULE_PATH environment variable not found - defaulting to C:\Program Files\Splunk\etc\modules
06-12-2025 13:16:30.229 +0300 INFO  loader - loading modules from C:\Program Files\Splunk\etc\modules
06-12-2025 13:16:30.237 +0300 INFO  loader - Writing out composite configuration file: C:\Program Files\Splunk\var\run\splunk\composite.xml
06-12-2025 13:16:30.259 +0300 INFO  loader - Skipping validation of index paths because not running as LocalSystem
06-12-2025 13:16:30.259 +0300 INFO  loader - Validated 11 indexes in 10.47 milliseconds
06-12-2025 13:16:30.764 +0300 INFO  ServerConfig - Found no hostname options in server.conf. Will attempt to use default for now.
06-12-2025 13:16:30.767 +0300 INFO  ServerConfig - Host name option is "".
06-12-2025 13:16:30.778 +0300 INFO  ServerConfig - Splunk is starting with EC-SSC disabled
06-12-2025 13:16:34.958 +0300 INFO  loader - Getting configuration data from: C:\Program Files\Splunk\etc\myinstall\splunkd.xml
06-12-2025 13:16:34.962 +0300 INFO  loader - SPLUNK_MODULE_PATH environment variable not found - defaulting to C:\Program Files\Splunk\etc\modules
06-12-2025 13:16:34.962 +0300 INFO  loader - loading modules from C:\Program Files\Splunk\etc\modules
06-12-2025 13:16:34.973 +0300 INFO  loader - Writing out composite configuration file: C:\Program Files\Splunk\var\run\splunk\composite.xml
06-12-2025 13:16:42.698 +0300 INFO  loader - Getting configuration data from: C:\Program Files\Splunk\etc\myinstall\splunkd.xml
06-12-2025 13:16:42.702 +0300 INFO  loader - SPLUNK_MODULE_PATH environment variable not found - defaulting to C:\Program Files\Splunk\etc\modules
06-12-2025 13:16:42.702 +0300 INFO  loader - loading modules from C:\Program Files\Splunk\etc\modules
06-12-2025 13:16:42.710 +0300 INFO  loader - Writing out composite configuration file: C:\Program Files\Splunk\var\run\splunk\composite.xml
06-12-2025 13:16:42.777 +0300 INFO  loader - Validated 11 indexes in 57.94 milliseconds
06-12-2025 13:16:43.357 +0300 INFO  ServerConfig - Found no hostname options in server.conf. Will attempt to use default for now.
06-12-2025 13:16:43.360 +0300 INFO  ServerConfig - Host name option is "".
06-12-2025 13:16:43.370 +0300 INFO  ServerConfig - Splunk is starting with EC-SSC disabled
06-12-2025 13:16:45.528 +0300 INFO  loader - Getting configuration data from: C:\Program Files\Splunk\etc\myinstall\splunkd.xml
06-12-2025 13:16:45.532 +0300 INFO  loader - SPLUNK_MODULE_PATH environment variable not found - defaulting to C:\Program Files\Splunk\etc\modules
06-12-2025 13:16:45.532 +0300 INFO  loader - loading modules from C:\Program Files\Splunk\etc\modules
06-12-2025 13:16:45.540 +0300 INFO  loader - Writing out composite configuration file: C:\Program Files\Splunk\var\run\splunk\composite.xml
06-19-2025 03:21:55.595 +0300 INFO  loader - Getting configuration data from: C:\Program Files\Splunk\etc\myinstall\splunkd.xml
06-19-2025 03:21:55.615 +0300 INFO  loader - SPLUNK_MODULE_PATH environment variable not found - defaulting to C:\Program Files\Splunk\etc\modules
06-19-2025 03:21:55.615 +0300 INFO  loader - loading modules from C:\Program Files\Splunk\etc\modules
06-19-2025 03:21:55.629 +0300 INFO  loader - Writing out composite configuration file: C:\Program Files\Splunk\var\run\splunk\composite.xml
06-19-2025 03:21:55.706 +0300 INFO  loader - Validated 11 indexes in 59.62 milliseconds
06-19-2025 03:21:56.085 +0300 INFO  ServerConfig - Found no hostname options in server.conf. Will attempt to use default for now.
06-19-2025 03:21:56.101 +0300 INFO  ServerConfig - Host name option is "".
06-19-2025 03:21:56.116 +0300 INFO  ServerConfig - Splunk is starting with EC-SSC disabled
06-19-2025 03:21:58.269 +0300 INFO  loader - Getting configuration data from: C:\Program Files\Splunk\etc\myinstall\splunkd.xml
06-19-2025 03:21:58.281 +0300 INFO  loader - SPLUNK_MODULE_PATH environment variable not found - defaulting to C:\Program Files\Splunk\etc\modules
06-19-2025 03:21:58.281 +0300 INFO  loader - loading modules from C:\Program Files\Splunk\etc\modules
06-19-2025 03:21:58.281 +0300 INFO  loader - Writing out composite configuration file: C:\Program Files\Splunk\var\run\splunk\composite.xml
06-19-2025 03:23:23.922 +0300 INFO  loader - Getting configuration data from: C:\Program Files\Splunk\etc\myinstall\splunkd.xml
06-19-2025 03:23:23.938 +0300 INFO  loader - SPLUNK_MODULE_PATH environment variable not found - defaulting to C:\Program Files\Splunk\etc\modules
06-19-2025 03:23:23.938 +0300 INFO  loader - loading modules from C:\Program Files\Splunk\etc\modules
06-19-2025 03:23:23.953 +0300 INFO  loader - Writing out composite configuration file: C:\Program Files\Splunk\var\run\splunk\composite.xml
06-19-2025 03:23:24.032 +0300 INFO  loader - Validated 11 indexes in 63.20 milliseconds
06-19-2025 03:23:24.412 +0300 INFO  ServerConfig - Found no hostname options in server.conf. Will attempt to use default for now.
06-19-2025 03:23:24.427 +0300 INFO  ServerConfig - Host name option is "".
06-19-2025 03:23:24.443 +0300 INFO  ServerConfig - Splunk is starting with EC-SSC disabled
06-19-2025 03:23:26.230 +0300 INFO  loader - Getting configuration data from: C:\Program Files\Splunk\etc\myinstall\splunkd.xml
06-19-2025 03:23:26.230 +0300 INFO  loader - SPLUNK_MODULE_PATH environment variable not found - defaulting to C:\Program Files\Splunk\etc\modules
06-19-2025 03:23:26.230 +0300 INFO  loader - loading modules from C:\Program Files\Splunk\etc\modules
06-19-2025 03:23:26.245 +0300 INFO  loader - Writing out composite configuration file: C:\Program Files\Splunk\var\run\splunk\composite.xml
06-30-2025 10:38:25.406 +0300 INFO  loader - Getting configuration data from: C:\Program Files\Splunk\etc\myinstall\splunkd.xml
06-30-2025 10:38:25.415 +0300 INFO  loader - SPLUNK_MODULE_PATH environment variable not found - defaulting to C:\Program Files\Splunk\etc\modules
06-30-2025 10:38:25.415 +0300 INFO  loader - loading modules from C:\Program Files\Splunk\etc\modules
06-30-2025 10:38:25.420 +0300 INFO  loader - Writing out composite configuration file: C:\Program Files\Splunk\var\run\splunk\composite.xml
06-30-2025 10:38:25.510 +0300 INFO  loader - Validated 15 indexes in 83.42 milliseconds
06-30-2025 10:38:25.784 +0300 INFO  ServerConfig - Found no hostname options in server.conf. Will attempt to use default for now.
06-30-2025 10:38:25.787 +0300 INFO  ServerConfig - Host name option is "".
06-30-2025 10:38:25.794 +0300 INFO  ServerConfig - TLS Sidecar disabled
06-30-2025 10:38:25.794 +0300 WARN  SSLOptions - server.conf/[sslConfig]/sslVerifyServerCert is false disabling certificate validation; must be set to "true" for increased security
06-30-2025 10:38:25.794 +0300 INFO  ServerConfig - disableSSLShutdown=0
06-30-2025 10:38:25.794 +0300 INFO  ServerConfig - Setting search process to have long life span: enable_search_process_long_lifespan=1
06-30-2025 10:38:25.794 +0300 INFO  ServerConfig - enableTeleportSupervisor=0, scsEvironment=production
06-30-2025 10:38:25.794 +0300 INFO  ServerConfig - certificateStatusValidationMethod is not set, defaulting to none.
06-30-2025 10:38:25.794 +0300 INFO  ServerConfig - Splunk is starting with EC-SSC disabled
06-30-2025 10:38:29.004 +0300 INFO  loader - Getting configuration data from: C:\Program Files\Splunk\etc\myinstall\splunkd.xml
06-30-2025 10:38:29.010 +0300 INFO  loader - SPLUNK_MODULE_PATH environment variable not found - defaulting to C:\Program Files\Splunk\etc\modules
06-30-2025 10:38:29.010 +0300 INFO  loader - loading modules from C:\Program Files\Splunk\etc\modules
06-30-2025 10:38:29.015 +0300 INFO  loader - Writing out composite configuration file: C:\Program Files\Splunk\var\run\splunk\composite.xml
06-30-2025 10:39:16.892 +0300 INFO  ServerConfig - Found no hostname options in server.conf. Will attempt to use default for now.
06-30-2025 10:39:16.892 +0300 INFO  ServerConfig - Host name option is "".
06-30-2025 10:39:16.903 +0300 INFO  ServerConfig - TLS Sidecar disabled
06-30-2025 10:39:16.904 +0300 WARN  SSLOptions - server.conf/[sslConfig]/sslVerifyServerCert is false disabling certificate validation; must be set to "true" for increased security
06-30-2025 10:39:16.904 +0300 INFO  ServerConfig - disableSSLShutdown=0
06-30-2025 10:39:16.904 +0300 INFO  ServerConfig - Setting search process to have long life span: enable_search_process_long_lifespan=1
06-30-2025 10:39:16.904 +0300 INFO  ServerConfig - enableTeleportSupervisor=0, scsEvironment=production
06-30-2025 10:39:16.904 +0300 INFO  ServerConfig - certificateStatusValidationMethod is not set, defaulting to none.
06-30-2025 10:39:16.904 +0300 INFO  ServerConfig - Splunk is starting with EC-SSC disabled
06-30-2025 10:39:21.264 +0300 INFO  loader - Getting configuration data from: C:\Program Files\Splunk\etc\myinstall\splunkd.xml
06-30-2025 10:39:21.270 +0300 INFO  loader - SPLUNK_MODULE_PATH environment variable not found - defaulting to C:\Program Files\Splunk\etc\modules
06-30-2025 10:39:21.270 +0300 INFO  loader - loading modules from C:\Program Files\Splunk\etc\modules
06-30-2025 10:39:21.278 +0300 INFO  loader - Writing out composite configuration file: C:\Program Files\Splunk\var\run\splunk\composite.xml
06-30-2025 10:39:21.355 +0300 INFO  loader - Validated 15 indexes in 70.18 milliseconds
06-30-2025 10:39:21.556 +0300 INFO  ServerConfig - Found no hostname options in server.conf. Will attempt to use default for now.
06-30-2025 10:39:21.558 +0300 INFO  ServerConfig - Host name option is "".
06-30-2025 10:39:21.565 +0300 INFO  ServerConfig - TLS Sidecar disabled
06-30-2025 10:39:21.566 +0300 WARN  SSLOptions - server.conf/[sslConfig]/sslVerifyServerCert is false disabling certificate validation; must be set to "true" for increased security
06-30-2025 10:39:21.566 +0300 INFO  ServerConfig - disableSSLShutdown=0
06-30-2025 10:39:21.566 +0300 INFO  ServerConfig - Setting search process to have long life span: enable_search_process_long_lifespan=1
06-30-2025 10:39:21.566 +0300 INFO  ServerConfig - enableTeleportSupervisor=0, scsEvironment=production
06-30-2025 10:39:21.566 +0300 INFO  ServerConfig - certificateStatusValidationMethod is not set, defaulting to none.
06-30-2025 10:39:21.566 +0300 INFO  ServerConfig - Splunk is starting with EC-SSC disabled
06-30-2025 10:39:22.699 +0300 INFO  loader - Getting configuration data from: C:\Program Files\Splunk\etc\myinstall\splunkd.xml
06-30-2025 10:39:22.699 +0300 INFO  loader - SPLUNK_MODULE_PATH environment variable not found - defaulting to C:\Program Files\Splunk\etc\modules
06-30-2025 10:39:22.704 +0300 INFO  loader - loading modules from C:\Program Files\Splunk\etc\modules
06-30-2025 10:39:22.710 +0300 INFO  loader - Writing out composite configuration file: C:\Program Files\Splunk\var\run\splunk\composite.xml
06-30-2025 10:39:26.761 +0300 INFO  loader - Getting configuration data from: C:\Program Files\Splunk\etc\myinstall\splunkd.xml
06-30-2025 10:39:26.765 +0300 INFO  loader - SPLUNK_MODULE_PATH environment variable not found - defaulting to C:\Program Files\Splunk\etc\modules
06-30-2025 10:39:26.765 +0300 INFO  loader - loading modules from C:\Program Files\Splunk\etc\modules
06-30-2025 10:39:26.772 +0300 INFO  loader - Writing out composite configuration file: C:\Program Files\Splunk\var\run\splunk\composite.xml
06-30-2025 10:39:26.844 +0300 INFO  loader - Validated 15 indexes in 65.71 milliseconds
06-30-2025 10:39:27.047 +0300 INFO  ServerConfig - Found no hostname options in server.conf. Will attempt to use default for now.
06-30-2025 10:39:27.049 +0300 INFO  ServerConfig - Host name option is "".
06-30-2025 10:39:27.057 +0300 INFO  ServerConfig - TLS Sidecar disabled
06-30-2025 10:39:27.057 +0300 WARN  SSLOptions - server.conf/[sslConfig]/sslVerifyServerCert is false disabling certificate validation; must be set to "true" for increased security
06-30-2025 10:39:27.058 +0300 INFO  ServerConfig - disableSSLShutdown=0
06-30-2025 10:39:27.058 +0300 INFO  ServerConfig - Setting search process to have long life span: enable_search_process_long_lifespan=1
06-30-2025 10:39:27.058 +0300 INFO  ServerConfig - enableTeleportSupervisor=0, scsEvironment=production
06-30-2025 10:39:27.058 +0300 INFO  ServerConfig - certificateStatusValidationMethod is not set, defaulting to none.
06-30-2025 10:39:27.058 +0300 INFO  ServerConfig - Splunk is starting with EC-SSC disabled
06-30-2025 10:39:28.393 +0300 INFO  loader - Getting configuration data from: C:\Program Files\Splunk\etc\myinstall\splunkd.xml
06-30-2025 10:39:28.397 +0300 INFO  loader - SPLUNK_MODULE_PATH environment variable not found - defaulting to C:\Program Files\Splunk\etc\modules
06-30-2025 10:39:28.397 +0300 INFO  loader - loading modules from C:\Program Files\Splunk\etc\modules
06-30-2025 10:39:28.402 +0300 INFO  loader - Writing out composite configuration file: C:\Program Files\Splunk\var\run\splunk\composite.xml
06-30-2025 13:05:54.841 +0300 INFO  loader - tcpinputprocessor is alias of tcpinputprocessorwithreplication
06-30-2025 13:05:54.890 +0300 INFO  loader - Splunkd starting (build 78803f08aabb).
06-30-2025 13:05:54.890 +0300 INFO  loader - System info: Windows, BEER-PC01, 0, 10, x64.
06-30-2025 13:05:54.890 +0300 INFO  loader - Detected 16 (virtual) CPUs, 8 CPU cores, and 16160MB RAM
06-30-2025 13:05:54.890 +0300 INFO  loader - Maximum number of threads (approximate): 8080
06-30-2025 13:05:54.890 +0300 INFO  loader - Getting configuration data from: C:\Program Files\Splunk\etc\myinstall\splunkd.xml
06-30-2025 13:05:54.890 +0300 INFO  loader - SPLUNK_MODULE_PATH environment variable not found - defaulting to C:\Program Files\Splunk\etc\modules
06-30-2025 13:05:54.890 +0300 INFO  loader - loading modules from C:\Program Files\Splunk\etc\modules
06-30-2025 13:05:54.899 +0300 INFO  loader - Writing out composite configuration file: C:\Program Files\Splunk\var\run\splunk\composite.xml
06-30-2025 13:05:54.910 +0300 INFO  loader - remote ui state feature is disabled
06-30-2025 13:05:54.913 +0300 INFO  ServerConfig - Found no hostname options in server.conf. Will attempt to use default for now.
06-30-2025 13:05:54.913 +0300 INFO  ServerConfig - Host name option is "".
06-30-2025 13:05:54.921 +0300 INFO  ServerConfig - TLS Sidecar disabled
06-30-2025 13:05:54.922 +0300 WARN  SSLOptions - server.conf/[sslConfig]/sslVerifyServerCert is false disabling certificate validation; must be set to "true" for increased security
06-30-2025 13:05:54.922 +0300 INFO  ServerConfig - disableSSLShutdown=0
06-30-2025 13:05:54.922 +0300 INFO  ServerConfig - Setting search process to have long life span: enable_search_process_long_lifespan=1
06-30-2025 13:05:54.922 +0300 INFO  ServerConfig - enableTeleportSupervisor=0, scsEvironment=production
06-30-2025 13:05:54.922 +0300 INFO  ServerConfig - certificateStatusValidationMethod is not set, defaulting to none.
06-30-2025 13:05:54.922 +0300 INFO  ServerConfig - Splunk is starting with EC-SSC disabled
06-30-2025 13:05:55.061 +0300 WARN  DistributedPeerManager - feature=DistSearch not enabled for your license level
06-30-2025 13:05:55.168 +0300 WARN  ClusteringMgr - Ignoring clustering configuration, the active license disables this feature.
06-30-2025 13:05:55.173 +0300 WARN  SSLOptions - server.conf/[kvstore]/sslVerifyServerCert is false disabling certificate validation; must be set to "true" for increased security
06-30-2025 13:05:55.208 +0300 INFO  AuditLogger - Audit:[timestamp=06-30-2025 13:05:55.208, user=admin, action=splunkShuttingDown, info=n/a]
06-30-2025 13:05:55.406 +0300 INFO  loader - tcpinputprocessor is alias of tcpinputprocessorwithreplication
06-30-2025 13:05:55.450 +0300 INFO  loader - Splunkd starting (build 78803f08aabb).
06-30-2025 13:05:55.450 +0300 INFO  loader - System info: Windows, BEER-PC01, 0, 10, x64.
06-30-2025 13:05:55.450 +0300 INFO  loader - Detected 16 (virtual) CPUs, 8 CPU cores, and 16160MB RAM
06-30-2025 13:05:55.450 +0300 INFO  loader - Maximum number of threads (approximate): 8080
06-30-2025 13:05:55.450 +0300 INFO  loader - Getting configuration data from: C:\Program Files\Splunk\etc\myinstall\splunkd.xml
06-30-2025 13:05:55.450 +0300 INFO  loader - SPLUNK_MODULE_PATH environment variable not found - defaulting to C:\Program Files\Splunk\etc\modules
06-30-2025 13:05:55.451 +0300 INFO  loader - loading modules from C:\Program Files\Splunk\etc\modules
06-30-2025 13:05:55.457 +0300 INFO  loader - Writing out composite configuration file: C:\Program Files\Splunk\var\run\splunk\composite.xml
06-30-2025 13:05:55.463 +0300 INFO  loader - remote ui state feature is disabled
06-30-2025 13:05:55.467 +0300 INFO  ServerConfig - Found no hostname options in server.conf. Will attempt to use default for now.
06-30-2025 13:05:55.467 +0300 INFO  ServerConfig - Host name option is "".
06-30-2025 13:05:55.472 +0300 INFO  ServerConfig - TLS Sidecar disabled
06-30-2025 13:05:55.473 +0300 WARN  SSLOptions - server.conf/[sslConfig]/sslVerifyServerCert is false disabling certificate validation; must be set to "true" for increased security
06-30-2025 13:05:55.473 +0300 INFO  ServerConfig - disableSSLShutdown=0
06-30-2025 13:05:55.473 +0300 INFO  ServerConfig - Setting search process to have long life span: enable_search_process_long_lifespan=1
06-30-2025 13:05:55.473 +0300 INFO  ServerConfig - enableTeleportSupervisor=0, scsEvironment=production
06-30-2025 13:05:55.473 +0300 INFO  ServerConfig - certificateStatusValidationMethod is not set, defaulting to none.
06-30-2025 13:05:55.473 +0300 INFO  ServerConfig - Splunk is starting with EC-SSC disabled
06-30-2025 13:05:55.518 +0300 WARN  DistributedPeerManager - feature=DistSearch not enabled for your license level
06-30-2025 13:05:55.591 +0300 WARN  ClusteringMgr - Ignoring clustering configuration, the active license disables this feature.
06-30-2025 13:05:55.594 +0300 WARN  SSLOptions - server.conf/[kvstore]/sslVerifyServerCert is false disabling certificate validation; must be set to "true" for increased security
06-30-2025 13:05:55.616 +0300 INFO  AuditLogger - Audit:[timestamp=06-30-2025 13:05:55.616, user=admin, action=splunkShuttingDown, info=n/a]
06-30-2025 13:05:55.816 +0300 INFO  loader - tcpinputprocessor is alias of tcpinputprocessorwithreplication
06-30-2025 13:05:55.867 +0300 INFO  loader - Splunkd starting (build 78803f08aabb).
06-30-2025 13:05:55.867 +0300 INFO  loader - System info: Windows, BEER-PC01, 0, 10, x64.
06-30-2025 13:05:55.867 +0300 INFO  loader - Detected 16 (virtual) CPUs, 8 CPU cores, and 16160MB RAM
06-30-2025 13:05:55.867 +0300 INFO  loader - Maximum number of threads (approximate): 8080
06-30-2025 13:05:55.867 +0300 INFO  loader - Getting configuration data from: C:\Program Files\Splunk\etc\myinstall\splunkd.xml
06-30-2025 13:05:55.868 +0300 INFO  loader - SPLUNK_MODULE_PATH environment variable not found - defaulting to C:\Program Files\Splunk\etc\modules
06-30-2025 13:05:55.868 +0300 INFO  loader - loading modules from C:\Program Files\Splunk\etc\modules
06-30-2025 13:05:55.875 +0300 INFO  loader - Writing out composite configuration file: C:\Program Files\Splunk\var\run\splunk\composite.xml
06-30-2025 13:05:55.883 +0300 INFO  loader - remote ui state feature is disabled
06-30-2025 13:05:55.885 +0300 INFO  ServerConfig - Found no hostname options in server.conf. Will attempt to use default for now.
06-30-2025 13:05:55.885 +0300 INFO  ServerConfig - Host name option is "".
06-30-2025 13:05:55.893 +0300 INFO  ServerConfig - TLS Sidecar disabled
06-30-2025 13:05:55.894 +0300 WARN  SSLOptions - server.conf/[sslConfig]/sslVerifyServerCert is false disabling certificate validation; must be set to "true" for increased security
06-30-2025 13:05:55.894 +0300 INFO  ServerConfig - disableSSLShutdown=0
06-30-2025 13:05:55.894 +0300 INFO  ServerConfig - Setting search process to have long life span: enable_search_process_long_lifespan=1
06-30-2025 13:05:55.894 +0300 INFO  ServerConfig - enableTeleportSupervisor=0, scsEvironment=production
06-30-2025 13:05:55.894 +0300 INFO  ServerConfig - certificateStatusValidationMethod is not set, defaulting to none.
06-30-2025 13:05:55.894 +0300 INFO  ServerConfig - Splunk is starting with EC-SSC disabled
06-30-2025 13:05:55.939 +0300 WARN  DistributedPeerManager - feature=DistSearch not enabled for your license level
06-30-2025 13:05:56.015 +0300 WARN  ClusteringMgr - Ignoring clustering configuration, the active license disables this feature.
06-30-2025 13:05:56.017 +0300 WARN  SSLOptions - server.conf/[kvstore]/sslVerifyServerCert is false disabling certificate validation; must be set to "true" for increased security
06-30-2025 13:05:56.061 +0300 WARN  AdminManager - Setting restart reason: Restart required by handler '/services/server/settings/server-settings', method 'POST'.
06-30-2025 13:05:56.136 +0300 INFO  AuditLogger - Audit:[timestamp=06-30-2025 13:05:56.135, user=admin, action=splunkShuttingDown, info=n/a]
06-30-2025 13:07:15.209 +0300 INFO  ServerConfig - Found no hostname options in server.conf. Will attempt to use default for now.
06-30-2025 13:07:15.212 +0300 INFO  ServerConfig - Host name option is "".
06-30-2025 13:07:15.219 +0300 INFO  ServerConfig - TLS Sidecar disabled
06-30-2025 13:07:15.219 +0300 WARN  SSLOptions - server.conf/[sslConfig]/sslVerifyServerCert is false disabling certificate validation; must be set to "true" for increased security
06-30-2025 13:07:15.220 +0300 INFO  ServerConfig - disableSSLShutdown=0
06-30-2025 13:07:15.220 +0300 INFO  ServerConfig - Setting search process to have long life span: enable_search_process_long_lifespan=1
06-30-2025 13:07:15.220 +0300 INFO  ServerConfig - enableTeleportSupervisor=0, scsEvironment=production
06-30-2025 13:07:15.220 +0300 INFO  ServerConfig - certificateStatusValidationMethod is not set, defaulting to none.
06-30-2025 13:07:15.220 +0300 INFO  ServerConfig - Splunk is starting with EC-SSC disabled
06-30-2025 13:07:17.618 +0300 INFO  loader - Getting configuration data from: C:\Program Files\Splunk\etc\myinstall\splunkd.xml
06-30-2025 13:07:17.622 +0300 INFO  loader - SPLUNK_MODULE_PATH environment variable not found - defaulting to C:\Program Files\Splunk\etc\modules
06-30-2025 13:07:17.623 +0300 INFO  loader - loading modules from C:\Program Files\Splunk\etc\modules
06-30-2025 13:07:17.629 +0300 INFO  loader - Writing out composite configuration file: C:\Program Files\Splunk\var\run\splunk\composite.xml
06-30-2025 13:07:17.642 +0300 INFO  loader - Skipping validation of index paths because not running as LocalSystem
06-30-2025 13:07:17.642 +0300 INFO  loader - Validated 15 indexes in 7.028 milliseconds
06-30-2025 13:07:17.833 +0300 INFO  ServerConfig - Found no hostname options in server.conf. Will attempt to use default for now.
06-30-2025 13:07:17.835 +0300 INFO  ServerConfig - Host name option is "".
06-30-2025 13:07:17.841 +0300 INFO  ServerConfig - TLS Sidecar disabled
06-30-2025 13:07:17.841 +0300 WARN  SSLOptions - server.conf/[sslConfig]/sslVerifyServerCert is false disabling certificate validation; must be set to "true" for increased security
06-30-2025 13:07:17.843 +0300 INFO  ServerConfig - disableSSLShutdown=0
06-30-2025 13:07:17.843 +0300 INFO  ServerConfig - Setting search process to have long life span: enable_search_process_long_lifespan=1
06-30-2025 13:07:17.843 +0300 INFO  ServerConfig - enableTeleportSupervisor=0, scsEvironment=production
06-30-2025 13:07:17.843 +0300 INFO  ServerConfig - certificateStatusValidationMethod is not set, defaulting to none.
06-30-2025 13:07:17.843 +0300 INFO  ServerConfig - Splunk is starting with EC-SSC disabled
06-30-2025 13:07:19.069 +0300 INFO  loader - Getting configuration data from: C:\Program Files\Splunk\etc\myinstall\splunkd.xml
06-30-2025 13:07:19.073 +0300 INFO  loader - SPLUNK_MODULE_PATH environment variable not found - defaulting to C:\Program Files\Splunk\etc\modules
06-30-2025 13:07:19.073 +0300 INFO  loader - loading modules from C:\Program Files\Splunk\etc\modules
06-30-2025 13:07:19.081 +0300 INFO  loader - Writing out composite configuration file: C:\Program Files\Splunk\var\run\splunk\composite.xml
06-30-2025 13:07:23.067 +0300 INFO  loader - Getting configuration data from: C:\Program Files\Splunk\etc\myinstall\splunkd.xml
06-30-2025 13:07:23.070 +0300 INFO  loader - SPLUNK_MODULE_PATH environment variable not found - defaulting to C:\Program Files\Splunk\etc\modules
06-30-2025 13:07:23.070 +0300 INFO  loader - loading modules from C:\Program Files\Splunk\etc\modules
06-30-2025 13:07:23.077 +0300 INFO  loader - Writing out composite configuration file: C:\Program Files\Splunk\var\run\splunk\composite.xml
06-30-2025 13:07:23.154 +0300 INFO  loader - Validated 15 indexes in 70.00 milliseconds
06-30-2025 13:07:23.362 +0300 INFO  ServerConfig - Found no hostname options in server.conf. Will attempt to use default for now.
06-30-2025 13:07:23.365 +0300 INFO  ServerConfig - Host name option is "".
06-30-2025 13:07:23.372 +0300 INFO  ServerConfig - TLS Sidecar disabled
06-30-2025 13:07:23.374 +0300 WARN  SSLOptions - server.conf/[sslConfig]/sslVerifyServerCert is false disabling certificate validation; must be set to "true" for increased security
06-30-2025 13:07:23.375 +0300 INFO  ServerConfig - disableSSLShutdown=0
06-30-2025 13:07:23.375 +0300 INFO  ServerConfig - Setting search process to have long life span: enable_search_process_long_lifespan=1
06-30-2025 13:07:23.375 +0300 INFO  ServerConfig - enableTeleportSupervisor=0, scsEvironment=production
06-30-2025 13:07:23.375 +0300 INFO  ServerConfig - certificateStatusValidationMethod is not set, defaulting to none.
06-30-2025 13:07:23.375 +0300 INFO  ServerConfig - Splunk is starting with EC-SSC disabled
06-30-2025 13:07:24.549 +0300 INFO  loader - Getting configuration data from: C:\Program Files\Splunk\etc\myinstall\splunkd.xml
06-30-2025 13:07:24.553 +0300 INFO  loader - SPLUNK_MODULE_PATH environment variable not found - defaulting to C:\Program Files\Splunk\etc\modules
06-30-2025 13:07:24.553 +0300 INFO  loader - loading modules from C:\Program Files\Splunk\etc\modules
06-30-2025 13:07:24.561 +0300 INFO  loader - Writing out composite configuration file: C:\Program Files\Splunk\var\run\splunk\composite.xml
06-30-2025 13:20:35.015 +0300 INFO  loader - Getting configuration data from: C:\Program Files\Splunk\etc\myinstall\splunkd.xml
06-30-2025 13:20:35.018 +0300 INFO  loader - SPLUNK_MODULE_PATH environment variable not found - defaulting to C:\Program Files\Splunk\etc\modules
06-30-2025 13:20:35.018 +0300 INFO  loader - loading modules from C:\Program Files\Splunk\etc\modules
06-30-2025 13:20:35.025 +0300 INFO  loader - Writing out composite configuration file: C:\Program Files\Splunk\var\run\splunk\composite.xml
06-30-2025 13:20:35.097 +0300 INFO  loader - Validated 15 indexes in 65.82 milliseconds
06-30-2025 13:20:35.300 +0300 INFO  ServerConfig - Found no hostname options in server.conf. Will attempt to use default for now.
06-30-2025 13:20:35.303 +0300 INFO  ServerConfig - Host name option is "".
06-30-2025 13:20:35.308 +0300 INFO  ServerConfig - TLS Sidecar disabled
06-30-2025 13:20:35.310 +0300 WARN  SSLOptions - server.conf/[sslConfig]/sslVerifyServerCert is false disabling certificate validation; must be set to "true" for increased security
06-30-2025 13:20:35.311 +0300 INFO  ServerConfig - disableSSLShutdown=0
06-30-2025 13:20:35.311 +0300 INFO  ServerConfig - Setting search process to have long life span: enable_search_process_long_lifespan=1
06-30-2025 13:20:35.311 +0300 INFO  ServerConfig - enableTeleportSupervisor=0, scsEvironment=production
06-30-2025 13:20:35.311 +0300 INFO  ServerConfig - certificateStatusValidationMethod is not set, defaulting to none.
06-30-2025 13:20:35.311 +0300 INFO  ServerConfig - Splunk is starting with EC-SSC disabled
06-30-2025 13:20:36.500 +0300 INFO  loader - Getting configuration data from: C:\Program Files\Splunk\etc\myinstall\splunkd.xml
06-30-2025 13:20:36.503 +0300 INFO  loader - SPLUNK_MODULE_PATH environment variable not found - defaulting to C:\Program Files\Splunk\etc\modules
06-30-2025 13:20:36.503 +0300 INFO  loader - loading modules from C:\Program Files\Splunk\etc\modules
06-30-2025 13:20:36.510 +0300 INFO  loader - Writing out composite configuration file: C:\Program Files\Splunk\var\run\splunk\composite.xml
