2025-06-27 09:26:17.463 [CORE] WinGet, version [1.11.400], activity [{1BC49733-21AE-4E36-ACCC-665EFEC79B5A}]
2025-06-27 09:26:17.464 [CORE] OS: Windows.Desktop v10.0.26100.4349
2025-06-27 09:26:17.464 [CORE] Command line Args: "C:\Program Files\WindowsApps\Microsoft.DesktopAppInstaller_1.26.400.0_x64__8wekyb3d8bbwe\WindowsPackageManagerServer.exe" -Embedding
2025-06-27 09:26:17.464 [CORE] Package: Microsoft.DesktopAppInstaller v1.26.400.0
2025-06-27 09:26:17.464 [CORE] IsCOMCall:1; Caller: Microsoft.StorePurchaseApp_8wekyb3d8bbwe
2025-06-27 09:26:17.491 [CORE] Default proxy is not set
2025-06-27 09:26:17.491 [REPO] REST HTTP Client helper does not use proxy
2025-06-27 09:26:17.491 [REPO] REST HTTP Client helper does not use proxy
2025-06-27 09:26:17.557 [REPO] Sending http GET request to: https://storeedgefd.dsx.mp.microsoft.com/v9.0/information
2025-06-27 09:26:17.592 [FAIL] C:\__w\1\s\external\pkg\src\AppInstallerCommonCore\HttpClientHelper.cpp(264)\WindowsPackageManager.dll!00007FFFA3E44E0D: (caller: 00007FFFA3F4DD76) Exception(1) tid(6d80) 80072EE7     Msg:[WinHttpSendRequest: 12007: The server name or address could not be resolved

] 

2025-06-27 09:26:17.592 [FAIL] WindowsPackageManager.dll!00007FFFA3F2B456: ReturnHr(1) tid(6d80) 80072EE7     Msg:[C:\__w\1\s\external\pkg\src\AppInstallerCommonCore\HttpClientHelper.cpp(264)\WindowsPackageManager.dll!00007FFFA3E44E0D: (caller: 00007FFFA3F4DD76) Exception(1) tid(6d80) 80072EE7     Msg:[WinHttpSendRequest: 12007: The server name or address could not be resolved

] 
] 

2025-06-27 09:26:17.592 [FAIL] WindowsPackageManager.dll!00007FFFA3D86CA7: LogHr(1) tid(6d80) 80072EE7 
2025-06-27 09:26:17.593 [FAIL] WindowsPackageManager.dll!00007FFFA3BCDCBA: LogHr(2) tid(6d80) 80072EE7 
2025-06-27 09:26:17.593 [CLI ] Caught winrt::hresult_error: 0x80072ee7 : unknown error
2025-06-27 09:26:17.598 [REPO] Sending http GET request to: https://storeedgefd.dsx.mp.microsoft.com/v9.0/information
2025-06-27 09:26:17.608 [FAIL] C:\__w\1\s\external\pkg\src\AppInstallerCommonCore\HttpClientHelper.cpp(264)\WindowsPackageManager.dll!00007FFFA3E44E0D: (caller: 00007FFFA3F4DD76) Exception(2) tid(6ac4) 80072EE7     Msg:[WinHttpSendRequest: 12007: The server name or address could not be resolved

] 

2025-06-27 09:26:17.609 [FAIL] WindowsPackageManager.dll!00007FFFA3F2B456: ReturnHr(2) tid(6ac4) 80072EE7     Msg:[C:\__w\1\s\external\pkg\src\AppInstallerCommonCore\HttpClientHelper.cpp(264)\WindowsPackageManager.dll!00007FFFA3E44E0D: (caller: 00007FFFA3F4DD76) Exception(2) tid(6ac4) 80072EE7     Msg:[WinHttpSendRequest: 12007: The server name or address could not be resolved

] 
] 

2025-06-27 09:26:17.609 [FAIL] WindowsPackageManager.dll!00007FFFA3D86CA7: LogHr(3) tid(6ac4) 80072EE7 
2025-06-27 09:26:17.609 [FAIL] WindowsPackageManager.dll!00007FFFA3BCDCBA: LogHr(4) tid(6ac4) 80072EE7 
2025-06-27 09:26:17.609 [CLI ] Caught winrt::hresult_error: 0x80072ee7 : unknown error
