2025-06-27 19:38:06.309 [CORE] WinGet, version [1.11.400], activity [{6CADC09A-91B4-43BC-9C1F-5D52E2803BEA}]
2025-06-27 19:38:06.310 [CORE] OS: Windows.Desktop v10.0.26100.4349
2025-06-27 19:38:06.310 [CORE] Command line Args: "C:\Program Files\WindowsApps\Microsoft.DesktopAppInstaller_1.26.400.0_x64__8wekyb3d8bbwe\WindowsPackageManagerServer.exe" -Embedding
2025-06-27 19:38:06.310 [CORE] Package: Microsoft.DesktopAppInstaller v1.26.400.0
2025-06-27 19:38:06.310 [CORE] IsCOMCall:1; Caller: Microsoft.StorePurchaseApp_8wekyb3d8bbwe
2025-06-27 19:38:06.332 [CORE] Default proxy is not set
2025-06-27 19:38:06.332 [REPO] REST HTTP Client helper does not use proxy
2025-06-27 19:38:06.332 [REPO] REST HTTP Client helper does not use proxy
2025-06-27 19:38:06.396 [REPO] Sending http GET request to: https://storeedgefd.dsx.mp.microsoft.com/v9.0/information
2025-06-27 19:38:06.397 [REPO] Sending http GET request to: https://storeedgefd.dsx.mp.microsoft.com/v9.0/information
2025-06-27 19:38:06.428 [FAIL] C:\__w\1\s\external\pkg\src\AppInstallerCommonCore\HttpClientHelper.cpp(264)\WindowsPackageManager.dll!00007FFF92BF4E0D: (caller: 00007FFF92CFDD76) Exception(1) tid(78d4) 80072EE7     Msg:[WinHttpSendRequest: 12007: The server name or address could not be resolved

] 

2025-06-27 19:38:06.428 [FAIL] C:\__w\1\s\external\pkg\src\AppInstallerCommonCore\HttpClientHelper.cpp(264)\WindowsPackageManager.dll!00007FFF92BF4E0D: (caller: 00007FFF92CFDD76) Exception(2) tid(94b4) 80072EE7     Msg:[WinHttpSendRequest: 12007: The server name or address could not be resolved

] 

2025-06-27 19:38:06.428 [FAIL] WindowsPackageManager.dll!00007FFF92CDB456: ReturnHr(1) tid(78d4) 80072EE7     Msg:[C:\__w\1\s\external\pkg\src\AppInstallerCommonCore\HttpClientHelper.cpp(264)\WindowsPackageManager.dll!00007FFF92BF4E0D: (caller: 00007FFF92CFDD76) Exception(1) tid(78d4) 80072EE7     Msg:[WinHttpSendRequest: 12007: The server name or address could not be resolved

] 
] 

2025-06-27 19:38:06.428 [FAIL] WindowsPackageManager.dll!00007FFF92CDB456: ReturnHr(2) tid(94b4) 80072EE7     Msg:[C:\__w\1\s\external\pkg\src\AppInstallerCommonCore\HttpClientHelper.cpp(264)\WindowsPackageManager.dll!00007FFF92BF4E0D: (caller: 00007FFF92CFDD76) Exception(2) tid(94b4) 80072EE7     Msg:[WinHttpSendRequest: 12007: The server name or address could not be resolved

] 
] 

2025-06-27 19:38:06.428 [FAIL] WindowsPackageManager.dll!00007FFF92B36CA7: LogHr(1) tid(78d4) 80072EE7 
2025-06-27 19:38:06.428 [FAIL] WindowsPackageManager.dll!00007FFF92B36CA7: LogHr(2) tid(94b4) 80072EE7 
2025-06-27 19:38:06.429 [FAIL] WindowsPackageManager.dll!00007FFF9297DCBA: LogHr(3) tid(94b4) 80072EE7 
2025-06-27 19:38:06.429 [FAIL] WindowsPackageManager.dll!00007FFF9297DCBA: LogHr(4) tid(78d4) 80072EE7 
2025-06-27 19:38:06.429 [CLI ] Caught winrt::hresult_error: 0x80072ee7 : unknown error2025-06-27 19:38:06.429 [CLI ] Caught winrt::hresult_error: 0x80072ee7 : unknown error

