2025-06-27 15:36:35.376 [CORE] WinGet, version [1.11.400], activity [{A2A159D0-33CA-4A19-97DC-93715C6378F4}]
2025-06-27 15:36:35.376 [CORE] OS: Windows.Desktop v10.0.26100.4349
2025-06-27 15:36:35.376 [CORE] Command line Args: "C:\Program Files\WindowsApps\Microsoft.DesktopAppInstaller_1.26.400.0_x64__8wekyb3d8bbwe\WindowsPackageManagerServer.exe" -Embedding
2025-06-27 15:36:35.376 [CORE] Package: Microsoft.DesktopAppInstaller v1.26.400.0
2025-06-27 15:36:35.377 [CORE] IsCOMCall:1; Caller: Microsoft.StorePurchaseApp_8wekyb3d8bbwe
2025-06-27 15:36:35.426 [CORE] Default proxy is not set
2025-06-27 15:36:35.427 [REPO] REST HTTP Client helper does not use proxy
2025-06-27 15:36:35.427 [REPO] REST HTTP Client helper does not use proxy
2025-06-27 15:36:35.502 [REPO] Sending http GET request to: https://storeedgefd.dsx.mp.microsoft.com/v9.0/information
2025-06-27 15:36:35.504 [REPO] Sending http GET request to: https://storeedgefd.dsx.mp.microsoft.com/v9.0/information
2025-06-27 15:36:35.536 [FAIL] C:\__w\1\s\external\pkg\src\AppInstallerCommonCore\HttpClientHelper.cpp(264)\WindowsPackageManager.dll!00007FFFA4424E0D: (caller: 00007FFFA452DD76) Exception(2) tid(8138) 80072EE7     Msg:[WinHttpSendRequest: 12007: The server name or address could not be resolved

] 
2025-06-27 15:36:35.536 [FAIL] C:\__w\1\s\external\pkg\src\AppInstallerCommonCore\HttpClientHelper.cpp(264)\WindowsPackageManager.dll!00007FFFA4424E0D: (caller: 00007FFFA452DD76) Exception(1) tid(954c) 80072EE7     Msg:[WinHttpSendRequest: 12007: The server name or address could not be resolved

] 


2025-06-27 15:36:35.537 [FAIL] WindowsPackageManager.dll!00007FFFA450B456: ReturnHr(2) tid(954c) 80072EE7     Msg:[C:\__w\1\s\external\pkg\src\AppInstallerCommonCore\HttpClientHelper.cpp(264)\WindowsPackageManager.dll!00007FFFA4424E0D: (caller: 00007FFFA452DD76) Exception(1) tid(954c) 80072EE7     Msg:[WinHttpSendRequest: 12007: The server name or address could not be resolved

] 
] 

2025-06-27 15:36:35.537 [FAIL] WindowsPackageManager.dll!00007FFFA450B456: ReturnHr(1) tid(8138) 80072EE7     Msg:[C:\__w\1\s\external\pkg\src\AppInstallerCommonCore\HttpClientHelper.cpp(264)\WindowsPackageManager.dll!00007FFFA4424E0D: (caller: 00007FFFA452DD76) Exception(2) tid(8138) 80072EE7     Msg:[WinHttpSendRequest: 12007: The server name or address could not be resolved

] 
] 

2025-06-27 15:36:35.537 [FAIL] WindowsPackageManager.dll!00007FFFA4366CA7: LogHr(1) tid(954c) 80072EE7 
2025-06-27 15:36:35.537 [FAIL] WindowsPackageManager.dll!00007FFFA4366CA7: LogHr(2) tid(8138) 80072EE7 
2025-06-27 15:36:35.537 [FAIL] WindowsPackageManager.dll!00007FFFA41ADCBA: LogHr(3) tid(954c) 80072EE7 
2025-06-27 15:36:35.537 [FAIL] WindowsPackageManager.dll!00007FFFA41ADCBA: LogHr(4) tid(8138) 80072EE7 
2025-06-27 15:36:35.537 [CLI ] Caught winrt::hresult_error: 0x80072ee7 : unknown error
2025-06-27 15:36:35.537 [CLI ] Caught winrt::hresult_error: 0x80072ee7 : unknown error
