2025-06-09 01:01:09,863 INFO 36904 - Handling a request
2025-06-09 01:01:09,863 INFO 36904 - Checking for existing scan
2025-06-09 01:01:09,898 INFO 36904 - No existing scan
2025-06-09 01:01:09,900 INFO 36904 - Removing existing entries before starting new scan
2025-06-09 01:01:09,900 INFO 36904 - Retrieving key to remove entry
2025-06-09 01:01:09,936 INFO 36904 - All Entries removed
2025-06-09 01:01:09,995 INFO 36904 - Starting scan process
2025-06-09 01:01:11,333 INFO 27792 - Scan initiated
2025-06-09 01:01:11,334 INFO 27792 - Retrieving key to write progress
2025-06-09 01:01:11,370 INFO 27792 - Found key for existing entry: 68460825795a000012003301
2025-06-09 01:01:11,468 INFO 27792 - Total 2 apps found for user: admin
2025-06-09 01:01:11,589 INFO 27792 - 0 apps out of 2 scanned. Scanning App: Splunk Dashboard Studio
2025-06-09 01:01:12,131 INFO 27792 - C:\Program Files\Splunk\etc\apps\splunk-dashboard-studio, c44efcc64965834e0983d436b3bde651 
2025-06-09 01:01:12,131 INFO 27792 - start: mako check
2025-06-09 01:01:12,147 INFO 27792 - stop : mako check
2025-06-09 01:01:12,249 INFO 27792 - start: py2to3_check
2025-06-09 01:01:12,276 INFO 27792 - Scanning directory: C:\Program Files\Splunk\etc\apps\splunk-dashboard-studio
2025-06-09 01:01:12,308 INFO 27792 - Scanning directory: C:\Program Files\Splunk\etc\apps\splunk-dashboard-studio\appserver
2025-06-09 01:01:12,340 INFO 27792 - Scanning directory: C:\Program Files\Splunk\etc\apps\splunk-dashboard-studio\appserver\static
2025-06-09 01:01:12,373 INFO 27792 - Scanning directory: C:\Program Files\Splunk\etc\apps\splunk-dashboard-studio\appserver\static\build
2025-06-09 01:01:12,417 INFO 27792 - Scanning directory: C:\Program Files\Splunk\etc\apps\splunk-dashboard-studio\appserver\static\build\examples
2025-06-09 01:01:12,452 INFO 27792 - Scanning directory: C:\Program Files\Splunk\etc\apps\splunk-dashboard-studio\appserver\static\icons
2025-06-09 01:01:12,469 INFO 27792 - Scanning directory: C:\Program Files\Splunk\etc\apps\splunk-dashboard-studio\appserver\static\images
2025-06-09 01:01:12,510 INFO 27792 - Scanning directory: C:\Program Files\Splunk\etc\apps\splunk-dashboard-studio\appserver\static\images\examples-hub
2025-06-09 01:01:12,538 INFO 27792 - Scanning directory: C:\Program Files\Splunk\etc\apps\splunk-dashboard-studio\appserver\static\images\examples-hub\assembly
2025-06-09 01:01:12,570 INFO 27792 - Scanning directory: C:\Program Files\Splunk\etc\apps\splunk-dashboard-studio\appserver\static\images\examples-hub\buttercup
2025-06-09 01:01:12,601 INFO 27792 - Scanning directory: C:\Program Files\Splunk\etc\apps\splunk-dashboard-studio\appserver\static\images\examples-hub\choropleth_svg
2025-06-09 01:01:12,631 INFO 27792 - Scanning directory: C:\Program Files\Splunk\etc\apps\splunk-dashboard-studio\appserver\static\images\examples-hub\complete_examples
2025-06-09 01:01:12,662 INFO 27792 - Scanning directory: C:\Program Files\Splunk\etc\apps\splunk-dashboard-studio\appserver\static\images\examples-hub\data-command
2025-06-09 01:01:12,694 INFO 27792 - Scanning directory: C:\Program Files\Splunk\etc\apps\splunk-dashboard-studio\appserver\static\images\examples-hub\data-streaming
2025-06-09 01:01:12,724 INFO 27792 - Scanning directory: C:\Program Files\Splunk\etc\apps\splunk-dashboard-studio\appserver\static\images\examples-hub\datacenter
2025-06-09 01:01:12,756 INFO 27792 - Scanning directory: C:\Program Files\Splunk\etc\apps\splunk-dashboard-studio\appserver\static\images\examples-hub\ecommerce
2025-06-09 01:01:12,786 INFO 27792 - Scanning directory: C:\Program Files\Splunk\etc\apps\splunk-dashboard-studio\appserver\static\images\examples-hub\europe_network_hub
2025-06-09 01:01:12,817 INFO 27792 - Scanning directory: C:\Program Files\Splunk\etc\apps\splunk-dashboard-studio\appserver\static\images\examples-hub\healthcare_dashboard
2025-06-09 01:01:12,847 INFO 27792 - Scanning directory: C:\Program Files\Splunk\etc\apps\splunk-dashboard-studio\appserver\static\images\examples-hub\home
2025-06-09 01:01:12,880 INFO 27792 - Scanning directory: C:\Program Files\Splunk\etc\apps\splunk-dashboard-studio\appserver\static\images\examples-hub\images
2025-06-09 01:01:12,911 INFO 27792 - Scanning directory: C:\Program Files\Splunk\etc\apps\splunk-dashboard-studio\appserver\static\images\examples-hub\inputs
2025-06-09 01:01:12,941 INFO 27792 - Scanning directory: C:\Program Files\Splunk\etc\apps\splunk-dashboard-studio\appserver\static\images\examples-hub\mdg
2025-06-09 01:01:12,973 INFO 27792 - Scanning directory: C:\Program Files\Splunk\etc\apps\splunk-dashboard-studio\appserver\static\images\examples-hub\search
2025-06-09 01:01:13,004 INFO 27792 - Scanning directory: C:\Program Files\Splunk\etc\apps\splunk-dashboard-studio\appserver\static\images\examples-hub\vpn_health_by_region
2025-06-09 01:01:13,038 INFO 27792 - Scanning directory: C:\Program Files\Splunk\etc\apps\splunk-dashboard-studio\appserver\static\images\examples-hub\workplace
2025-06-09 01:01:13,067 INFO 27792 - Scanning directory: C:\Program Files\Splunk\etc\apps\splunk-dashboard-studio\appserver\static\images\home
2025-06-09 01:01:13,097 INFO 27792 - Scanning directory: C:\Program Files\Splunk\etc\apps\splunk-dashboard-studio\appserver\templates
2025-06-09 01:01:13,129 INFO 27792 - Scanning directory: C:\Program Files\Splunk\etc\apps\splunk-dashboard-studio\bin
2025-06-09 01:01:13,848 INFO 27792 - Scanning directory: C:\Program Files\Splunk\etc\apps\splunk-dashboard-studio\bin\__pycache__
2025-06-09 01:01:13,900 INFO 27792 - Scanning directory: C:\Program Files\Splunk\etc\apps\splunk-dashboard-studio\default
2025-06-09 01:01:13,939 INFO 27792 - Scanning directory: C:\Program Files\Splunk\etc\apps\splunk-dashboard-studio\default\data
2025-06-09 01:01:13,970 INFO 27792 - Scanning directory: C:\Program Files\Splunk\etc\apps\splunk-dashboard-studio\default\data\ui
2025-06-09 01:01:14,000 INFO 27792 - Scanning directory: C:\Program Files\Splunk\etc\apps\splunk-dashboard-studio\default\data\ui\nav
2025-06-09 01:01:14,031 INFO 27792 - Scanning directory: C:\Program Files\Splunk\etc\apps\splunk-dashboard-studio\default\data\ui\views
2025-06-09 01:01:14,063 INFO 27792 - Scanning directory: C:\Program Files\Splunk\etc\apps\splunk-dashboard-studio\locale
2025-06-09 01:01:14,095 INFO 27792 - Scanning directory: C:\Program Files\Splunk\etc\apps\splunk-dashboard-studio\locale\de_DE
2025-06-09 01:01:14,125 INFO 27792 - Scanning directory: C:\Program Files\Splunk\etc\apps\splunk-dashboard-studio\locale\de_DE\LC_MESSAGES
2025-06-09 01:01:14,157 INFO 27792 - Scanning directory: C:\Program Files\Splunk\etc\apps\splunk-dashboard-studio\locale\fr_FR
2025-06-09 01:01:14,187 INFO 27792 - Scanning directory: C:\Program Files\Splunk\etc\apps\splunk-dashboard-studio\locale\fr_FR\LC_MESSAGES
2025-06-09 01:01:14,219 INFO 27792 - Scanning directory: C:\Program Files\Splunk\etc\apps\splunk-dashboard-studio\locale\it_IT
2025-06-09 01:01:14,250 INFO 27792 - Scanning directory: C:\Program Files\Splunk\etc\apps\splunk-dashboard-studio\locale\it_IT\LC_MESSAGES
2025-06-09 01:01:14,281 INFO 27792 - Scanning directory: C:\Program Files\Splunk\etc\apps\splunk-dashboard-studio\locale\ja_JP
2025-06-09 01:01:14,312 INFO 27792 - Scanning directory: C:\Program Files\Splunk\etc\apps\splunk-dashboard-studio\locale\ja_JP\LC_MESSAGES
2025-06-09 01:01:14,344 INFO 27792 - Scanning directory: C:\Program Files\Splunk\etc\apps\splunk-dashboard-studio\locale\ko_KR
2025-06-09 01:01:14,376 INFO 27792 - Scanning directory: C:\Program Files\Splunk\etc\apps\splunk-dashboard-studio\locale\ko_KR\LC_MESSAGES
2025-06-09 01:01:14,406 INFO 27792 - Scanning directory: C:\Program Files\Splunk\etc\apps\splunk-dashboard-studio\locale\zh_CN
2025-06-09 01:01:14,438 INFO 27792 - Scanning directory: C:\Program Files\Splunk\etc\apps\splunk-dashboard-studio\locale\zh_CN\LC_MESSAGES
2025-06-09 01:01:14,478 INFO 27792 - Scanning directory: C:\Program Files\Splunk\etc\apps\splunk-dashboard-studio\locale\zh_TW
2025-06-09 01:01:14,514 INFO 27792 - Scanning directory: C:\Program Files\Splunk\etc\apps\splunk-dashboard-studio\locale\zh_TW\LC_MESSAGES
2025-06-09 01:01:14,545 INFO 27792 - Scanning directory: C:\Program Files\Splunk\etc\apps\splunk-dashboard-studio\metadata
2025-06-09 01:01:14,576 INFO 27792 - Scanning directory: C:\Program Files\Splunk\etc\apps\splunk-dashboard-studio\static
2025-06-09 01:01:14,576 INFO 27792 - stop : py2to3_check
2025-06-09 01:01:14,576 INFO 27792 - start: splunk_sdk_check
2025-06-09 01:01:14,672 INFO 27792 - stop: splunk_sdk_check
2025-06-09 01:01:14,771 INFO 27792 - starting py check parsing
2025-06-09 01:01:14,841 INFO 27792 - Scanning directory: C:\Program Files\Splunk\etc\apps\python_upgrade_readiness_app\local\mako
2025-06-09 01:01:16,981 INFO 27792 - starting sdk check parsing
2025-06-09 01:01:17,023 INFO 27792 - completing parsing
2025-06-09 01:01:17,033 INFO 27792 - 1 apps out of 2 scanned. Scanning App: Splunk Essentials for Cloud and Enterprise 8.2
2025-06-09 01:01:17,176 INFO 27792 - C:\Program Files\Splunk\etc\apps\splunk_essentials_8_2, b354852931f8c6fb9ce46a7803d9594c 
2025-06-09 01:01:17,184 INFO 27792 - Hash dict of all apps {'C:\\Program Files\\Splunk\\etc\\apps\\splunk-dashboard-studio': 'c44efcc64965834e0983d436b3bde651'}
2025-06-09 01:01:17,184 INFO 27792 - start: mako check
2025-06-09 01:01:17,186 INFO 27792 - stop : mako check
2025-06-09 01:01:17,259 INFO 27792 - start: py2to3_check
2025-06-09 01:01:17,286 INFO 27792 - Scanning directory: C:\Program Files\Splunk\etc\apps\splunk_essentials_8_2
2025-06-09 01:01:17,318 INFO 27792 - Scanning directory: C:\Program Files\Splunk\etc\apps\splunk_essentials_8_2\appserver
2025-06-09 01:01:17,349 INFO 27792 - Scanning directory: C:\Program Files\Splunk\etc\apps\splunk_essentials_8_2\appserver\static
2025-06-09 01:01:17,380 INFO 27792 - Scanning directory: C:\Program Files\Splunk\etc\apps\splunk_essentials_8_2\appserver\static\icons
2025-06-09 01:01:17,410 INFO 27792 - Scanning directory: C:\Program Files\Splunk\etc\apps\splunk_essentials_8_2\appserver\static\images
2025-06-09 01:01:17,443 INFO 27792 - Scanning directory: C:\Program Files\Splunk\etc\apps\splunk_essentials_8_2\bin
2025-06-09 01:01:17,474 INFO 27792 - Scanning directory: C:\Program Files\Splunk\etc\apps\splunk_essentials_8_2\default
2025-06-09 01:01:17,505 INFO 27792 - Scanning directory: C:\Program Files\Splunk\etc\apps\splunk_essentials_8_2\default\data
2025-06-09 01:01:17,535 INFO 27792 - Scanning directory: C:\Program Files\Splunk\etc\apps\splunk_essentials_8_2\default\data\ui
2025-06-09 01:01:17,566 INFO 27792 - Scanning directory: C:\Program Files\Splunk\etc\apps\splunk_essentials_8_2\default\data\ui\nav
2025-06-09 01:01:17,596 INFO 27792 - Scanning directory: C:\Program Files\Splunk\etc\apps\splunk_essentials_8_2\default\data\ui\views
2025-06-09 01:01:17,628 INFO 27792 - Scanning directory: C:\Program Files\Splunk\etc\apps\splunk_essentials_8_2\metadata
2025-06-09 01:01:17,658 INFO 27792 - Scanning directory: C:\Program Files\Splunk\etc\apps\splunk_essentials_8_2\static
2025-06-09 01:01:17,658 INFO 27792 - stop : py2to3_check
2025-06-09 01:01:17,658 INFO 27792 - start: splunk_sdk_check
2025-06-09 01:01:17,742 INFO 27792 - stop: splunk_sdk_check
2025-06-09 01:01:17,811 INFO 27792 - starting py check parsing
2025-06-09 01:01:19,809 INFO 27792 - starting sdk check parsing
2025-06-09 01:01:19,841 INFO 27792 - completing parsing
2025-06-09 01:01:19,854 INFO 27792 - Deployment scanned successfully for user: admin
